#
# There is insufficient memory for the Java Runtime Environment to continue.
# Native memory allocation (malloc) failed to allocate 546256 bytes for Chunk::new
# Possible reasons:
#   The system is out of physical RAM or swap space
#   The process is running with CompressedOops enabled, and the Java Heap may be blocking the growth of the native heap
# Possible solutions:
#   Reduce memory load on the system
#   Increase physical memory or swap space
#   Check if swap backing store is full
#   Decrease Java heap size (-Xmx/-Xms)
#   Decrease number of Java threads
#   Decrease Java thread stack sizes (-Xss)
#   Set larger code cache with -XX:ReservedCodeCacheSize=
#   JVM is running with Zero Based Compressed Oops mode in which the Java heap is
#     placed in the first 32GB address space. The Java Heap base address is the
#     maximum limit for the native heap growth. Please use -XX:HeapBaseMinAddress
#     to set the Java Heap base and to place the Java Heap above 32GB virtual address.
# This output file may be truncated or incomplete.
#
#  Out of Memory Error (allocation.cpp:389), pid=11004, tid=0x0000000000000c40
#
# JRE version: OpenJDK Runtime Environment (8.0_265-b01) (build 1.8.0_265-b01)
# Java VM: OpenJDK 64-Bit Server VM (25.265-b01 mixed mode windows-amd64 compressed oops)
# Failed to write core dump. Minidumps are not enabled by default on client versions of Windows
#

---------------  T H R E A D  ---------------

Current thread (0x000000001d6f4800):  JavaThread "C2 CompilerThread0" daemon [_thread_in_native, id=3136, stack(0x000000001edf0000,0x000000001eef0000)]

Stack: [0x000000001edf0000,0x000000001eef0000]
[error occurred during error reporting (printing stack bounds), id 0xc0000005]

Native frames: (J=compiled Java code, j=interpreted, Vv=VM code, C=native code)


Current CompileTask:
C2:  12182 3206       4       org.apache.maven.model.io.xpp3.MavenXpp3Reader::parseDependency (468 bytes)


---------------  P R O C E S S  ---------------

Java Threads: ( => current thread )
  0x000000001d70f800 JavaThread "Service Thread" daemon [_thread_blocked, id=9528, stack(0x000000001f1f0000,0x000000001f2f0000)]
  0x000000001d703800 JavaThread "C1 CompilerThread3" daemon [_thread_blocked, id=3804, stack(0x000000001f0f0000,0x000000001f1f0000)]
  0x000000001d6fc800 JavaThread "C2 CompilerThread2" daemon [_thread_blocked, id=8576, stack(0x000000001eff0000,0x000000001f0f0000)]
  0x000000001d6f7800 JavaThread "C2 CompilerThread1" daemon [_thread_in_native, id=5888, stack(0x000000001eef0000,0x000000001eff0000)]
=>0x000000001d6f4800 JavaThread "C2 CompilerThread0" daemon [_thread_in_native, id=3136, stack(0x000000001edf0000,0x000000001eef0000)]
  0x000000001d6f3000 JavaThread "Monitor Ctrl-Break" daemon [_thread_in_native, id=1424, stack(0x000000001ecf0000,0x000000001edf0000)]
  0x000000001d6a3000 JavaThread "Attach Listener" daemon [_thread_blocked, id=4740, stack(0x000000001ebf0000,0x000000001ecf0000)]
  0x000000001d6a2000 JavaThread "Signal Dispatcher" daemon [_thread_blocked, id=4684, stack(0x000000001eaf0000,0x000000001ebf0000)]
  0x000000001c69a800 JavaThread "Finalizer" daemon [_thread_blocked, id=2664, stack(0x000000001e960000,0x000000001ea60000)]
  0x000000001c699800 JavaThread "Reference Handler" daemon [_thread_blocked, id=5936, stack(0x000000001e860000,0x000000001e960000)]
  0x000000000284a800 JavaThread "main" [_thread_in_native, id=9932, stack(0x0000000002890000,0x0000000002990000)]

Other Threads:
  0x000000001d621800 VMThread [stack: 0x000000001e760000,0x000000001e860000] [id=388]
  0x000000001d710800 WatcherThread [stack: 0x000000001f2f0000,0x000000001f3f0000] [id=4504]

VM state:not at safepoint (normal execution)

VM Mutex/Monitor currently owned by a thread: None

heap address: 0x00000006c1a00000, size: 4070 MB, Compressed Oops mode: Zero based, Oop shift amount: 3
Narrow klass base: 0x0000000000000000, Narrow klass shift: 3
Compressed class space size: 1073741824 Address: 0x00000007c0000000

Heap:
 PSYoungGen      total 76288K, used 52223K [0x000000076b380000, 0x0000000774880000, 0x00000007c0000000)
  eden space 65536K, 63% used [0x000000076b380000,0x000000076dc01658,0x000000076f380000)
  from space 10752K, 99% used [0x000000076f380000,0x000000076fdfe660,0x000000076fe00000)
  to   space 10752K, 0% used [0x0000000773e00000,0x0000000773e00000,0x0000000774880000)
 ParOldGen       total 175104K, used 6312K [0x00000006c1a00000, 0x00000006cc500000, 0x000000076b380000)
  object space 175104K, 3% used [0x00000006c1a00000,0x00000006c202a368,0x00000006cc500000)
 Metaspace       used 17410K, capacity 17846K, committed 18176K, reserved 1064960K
  class space    used 1928K, capacity 2018K, committed 2048K, reserved 1048576K

Card table byte_map: [0x0000000011fd0000,0x00000000127d0000] byte_map_base: 0x000000000e9c3000

Marking Bits: (ParMarkBitMap*) 0x0000000069ebced0
 Begin Bits: [0x0000000013520000, 0x00000000174b8000)
 End Bits:   [0x00000000174b8000, 0x000000001b450000)

Polling page: 0x0000000000ba0000

CodeCache: size=245760Kb used=11986Kb max_used=12002Kb free=233773Kb
 bounds [0x0000000002c10000, 0x00000000037e0000, 0x0000000011c10000]
 total_blobs=3580 nmethods=3205 adapters=287
 compilation: enabled

Compilation events (250 events):
Event: 11.147 Thread 0x000000001d703800 3080       3       sun.nio.ch.FileChannelImpl::<init> (74 bytes)
Event: 11.147 Thread 0x000000001d703800 nmethod 3080 0x0000000003701d10 code [0x0000000003701ee0, 0x0000000003702710]
Event: 11.152 Thread 0x000000001d6f4800 nmethod 3072 0x0000000003705e90 code [0x0000000003706000, 0x0000000003706678]
Event: 11.165 Thread 0x000000001d703800 3083       3       org.eclipse.aether.artifact.AbstractArtifact::toString (91 bytes)
Event: 11.167 Thread 0x000000001d703800 nmethod 3083 0x0000000003706a50 code [0x0000000003706e20, 0x0000000003709258]
Event: 11.167 Thread 0x000000001d703800 3086       3       org.apache.maven.model.merge.ModelMerger::mergePluginConfiguration_PluginManagement (49 bytes)
Event: 11.168 Thread 0x000000001d703800 nmethod 3086 0x0000000003705190 code [0x0000000003705340, 0x0000000003705b48]
Event: 11.168 Thread 0x000000001d703800 3087       3       org.apache.maven.model.merge.ModelMerger::mergeBuildBase_DefaultGoal (43 bytes)
Event: 11.168 Thread 0x000000001d703800 nmethod 3087 0x0000000003704850 code [0x00000000037049e0, 0x0000000003704fb8]
Event: 11.168 Thread 0x000000001d703800 3088       3       org.apache.maven.model.merge.ModelMerger::mergeBuildBase_FinalName (43 bytes)
Event: 11.169 Thread 0x000000001d703800 nmethod 3088 0x0000000003703f10 code [0x00000000037040a0, 0x0000000003704678]
Event: 11.169 Thread 0x000000001d703800 3084       3       org.eclipse.aether.AbstractRepositoryListener::artifactResolved (1 bytes)
Event: 11.169 Thread 0x000000001d703800 nmethod 3084 0x0000000003703bd0 code [0x0000000003703d20, 0x0000000003703e70]
Event: 11.169 Thread 0x000000001d703800 3085       3       org.eclipse.aether.internal.impl.DefaultSyncContextFactory$DefaultSyncContext::close (1 bytes)
Event: 11.169 Thread 0x000000001d703800 nmethod 3085 0x0000000003703890 code [0x00000000037039e0, 0x0000000003703b30]
Event: 11.170 Thread 0x000000001d6fc800 3089       4       sun.nio.ch.FileKey::hashCode (42 bytes)
Event: 11.170 Thread 0x000000001d6fc800 nmethod 3089 0x00000000035b6dd0 code [0x00000000035b6f00, 0x00000000035b6f98]
Event: 11.171 Thread 0x000000001d703800 3090       3       org.apache.maven.model.building.DefaultModelProcessor::read (12 bytes)
Event: 11.171 Thread 0x000000001d703800 nmethod 3090 0x0000000003703410 code [0x0000000003703580, 0x00000000037037a8]
Event: 11.171 Thread 0x000000001d703800 3091   !   3       org.apache.maven.model.io.DefaultModelReader::read (113 bytes)
Event: 11.172 Thread 0x000000001d6fc800 3094       4       org.codehaus.plexus.interpolation.reflection.ReflectionValueExtractor::evaluate (242 bytes)
Event: 11.172 Thread 0x000000001d6f4800 3095   !   4       org.codehaus.plexus.interpolation.ObjectBasedValueSource::getValue (66 bytes)
Event: 11.172 Thread 0x000000001d703800 nmethod 3091 0x000000000370b890 code [0x000000000370bb00, 0x000000000370ca08]
Event: 11.172 Thread 0x000000001d703800 3092       3       org.apache.maven.model.io.DefaultModelReader::isStrict (37 bytes)
Event: 11.172 Thread 0x000000001d703800 nmethod 3092 0x000000000370afd0 code [0x000000000370b180, 0x000000000370b708]
Event: 11.172 Thread 0x000000001d703800 3093       3       org.apache.maven.model.Model::setModelEncoding (6 bytes)
Event: 11.172 Thread 0x000000001d703800 nmethod 3093 0x00000000037030d0 code [0x0000000003703220, 0x0000000003703390]
Event: 11.207 Thread 0x000000001d703800 3096       1       org.apache.maven.model.Activation::getJdk (5 bytes)
Event: 11.207 Thread 0x000000001d703800 nmethod 3096 0x00000000036bd810 code [0x00000000036bd960, 0x00000000036bda70]
Event: 11.207 Thread 0x000000001d703800 3097       3       org.eclipse.aether.repository.RemoteRepository::copy (39 bytes)
Event: 11.208 Thread 0x000000001d703800 nmethod 3097 0x000000000370d250 code [0x000000000370d480, 0x000000000370e138]
Event: 11.208 Thread 0x000000001d703800 3098       3       org.eclipse.aether.resolution.ArtifactRequest::<init> (36 bytes)
Event: 11.208 Thread 0x000000001d703800 nmethod 3098 0x000000000370a5d0 code [0x000000000370a760, 0x000000000370add0]
Event: 11.208 Thread 0x000000001d703800 3099       3       org.eclipse.aether.resolution.ArtifactRequest::setRequestContext (16 bytes)
Event: 11.208 Thread 0x000000001d703800 nmethod 3099 0x0000000003702d10 code [0x0000000003702e60, 0x0000000003703030]
Event: 11.232 Thread 0x000000001d6fc800 nmethod 3094 0x0000000003712790 code [0x00000000037129c0, 0x0000000003713dc0]
Event: 11.238 Thread 0x000000001d6f7800 nmethod 3063 0x0000000003719c50 code [0x0000000003719f40, 0x000000000371d2e0]
Event: 11.247 Thread 0x000000001d6f4800 nmethod 3095 0x0000000003721950 code [0x0000000003721bc0, 0x0000000003723620]
Event: 11.274 Thread 0x000000001d703800 3100   !   3       org.apache.maven.model.building.DefaultModelBuilder::readModel (599 bytes)
Event: 11.285 Thread 0x000000001d703800 nmethod 3100 0x0000000003725150 code [0x0000000003725ac0, 0x000000000372c5e8]
Event: 11.285 Thread 0x000000001d703800 3102       3       org.apache.maven.model.building.DefaultModelBuilder::hasFatalErrors (23 bytes)
Event: 11.285 Thread 0x000000001d703800 nmethod 3102 0x0000000003711ed0 code [0x0000000003712080, 0x00000000037125d8]
Event: 11.285 Thread 0x000000001d703800 3101       3       org.apache.maven.model.validation.DefaultModelValidator::validateRawModel (751 bytes)
Event: 11.295 Thread 0x000000001d703800 nmethod 3101 0x0000000003730f10 code [0x00000000037319a0, 0x00000000037395c8]
Event: 11.295 Thread 0x000000001d703800 3103       3       org.eclipse.aether.artifact.DefaultArtifact::merge (70 bytes)
Event: 11.296 Thread 0x000000001d703800 nmethod 3103 0x0000000003710e10 code [0x0000000003711000, 0x0000000003711b18]
Event: 11.299 Thread 0x000000001d703800 3105       3       org.codehaus.plexus.util.xml.pull.MXParser::parseXmlDeclWithVersion (835 bytes)
Event: 11.306 Thread 0x000000001d703800 nmethod 3105 0x000000000373e650 code [0x000000000373f1c0, 0x0000000003746d68]
Event: 11.306 Thread 0x000000001d703800 3106       3       java.util.regex.Pattern$BnM::match (161 bytes)
Event: 11.307 Thread 0x000000001d703800 nmethod 3106 0x000000000370ff90 code [0x0000000003710160, 0x00000000037108d8]
Event: 11.307 Thread 0x000000001d703800 3104       3       org.codehaus.plexus.util.xml.pull.MXParser::parseXmlDecl (268 bytes)
Event: 11.309 Thread 0x000000001d703800 nmethod 3104 0x0000000003716490 code [0x00000000037168c0, 0x0000000003718c88]
Event: 11.309 Thread 0x000000001d703800 3107       3       org.apache.maven.model.BuildBase::setResources (6 bytes)
Event: 11.309 Thread 0x000000001d703800 nmethod 3107 0x0000000003716150 code [0x00000000037162a0, 0x0000000003716410]
Event: 11.309 Thread 0x000000001d703800 3108       3       org.apache.maven.model.Reporting::setLocation (186 bytes)
Event: 11.310 Thread 0x000000001d703800 nmethod 3108 0x000000000374ad50 code [0x000000000374afc0, 0x000000000374c1a8]
Event: 11.310 Thread 0x000000001d703800 3109       3       org.apache.maven.model.Reporting::getLocation (176 bytes)
Event: 11.310 Thread 0x000000001d703800 nmethod 3109 0x000000000370ec50 code [0x000000000370ee80, 0x000000000370fca8]
Event: 11.316 Thread 0x000000001d703800 3110       3       org.apache.maven.model.building.DefaultModelBuilder::configureResolver (9 bytes)
Event: 11.316 Thread 0x000000001d703800 nmethod 3110 0x000000000370e890 code [0x000000000370ea00, 0x000000000370eb88]
Event: 11.317 Thread 0x000000001d703800 3111       3       org.apache.maven.model.building.DefaultModelBuilder::readParent (283 bytes)
Event: 11.317 Thread 0x000000001d6f7800 3117       4       org.apache.maven.model.inheritance.DefaultInheritanceAssembler$InheritanceModelMerger::mergePlugin (71 bytes)
Event: 11.320 Thread 0x000000001d703800 nmethod 3111 0x000000000374c850 code [0x000000000374cce0, 0x000000000374f838]
Event: 11.320 Thread 0x000000001d703800 3114       3       org.apache.maven.model.inheritance.DefaultInheritanceAssembler::getChildPathAdjustment (203 bytes)
Event: 11.322 Thread 0x000000001d703800 nmethod 3114 0x0000000003751390 code [0x0000000003751700, 0x0000000003753568]
Event: 11.322 Thread 0x000000001d703800 3112       3       org.apache.maven.model.Model::setContributors (6 bytes)
Event: 11.323 Thread 0x000000001d703800 nmethod 3112 0x0000000003715e10 code [0x0000000003715f60, 0x00000000037160d0]
Event: 11.323 Thread 0x000000001d703800 3113       3       org.apache.maven.model.inheritance.DefaultInheritanceAssembler::assembleModelInheritance (67 bytes)
Event: 11.324 Thread 0x000000001d703800 nmethod 3113 0x0000000003754550 code [0x00000000037547c0, 0x0000000003755618]
Event: 11.324 Thread 0x000000001d703800 3115       3       org.apache.maven.model.merge.ModelMerger::merge (45 bytes)
Event: 11.324 Thread 0x000000001d703800 nmethod 3115 0x0000000003715110 code [0x00000000037152e0, 0x0000000003715a28]
Event: 11.324 Thread 0x000000001d703800 3116       3       org.apache.maven.model.merge.MavenModelMerger::mergeModel (24 bytes)
Event: 11.325 Thread 0x000000001d703800 nmethod 3116 0x0000000003755d50 code [0x0000000003755ec0, 0x0000000003756178]
Event: 11.348 Thread 0x000000001d703800 3118       3       org.apache.maven.model.merge.ModelMerger::mergeBuild_SourceDirectory (43 bytes)
Event: 11.348 Thread 0x000000001d703800 nmethod 3118 0x0000000003756290 code [0x0000000003756420, 0x00000000037568b8]
Event: 11.348 Thread 0x000000001d703800 3119       3       org.apache.maven.model.merge.ModelMerger::mergeBuild_ScriptSourceDirectory (43 bytes)
Event: 11.348 Thread 0x000000001d703800 nmethod 3119 0x0000000003756a50 code [0x0000000003756be0, 0x0000000003757078]
Event: 11.348 Thread 0x000000001d703800 3120       3       org.apache.maven.model.merge.ModelMerger::mergeBuild_TestSourceDirectory (43 bytes)
Event: 11.349 Thread 0x000000001d703800 nmethod 3120 0x0000000003757210 code [0x00000000037573a0, 0x0000000003757838]
Event: 11.349 Thread 0x000000001d703800 3121       3       org.apache.maven.model.merge.ModelMerger::mergeBuild_OutputDirectory (43 bytes)
Event: 11.349 Thread 0x000000001d703800 nmethod 3121 0x00000000037579d0 code [0x0000000003757b60, 0x0000000003757ff8]
Event: 11.349 Thread 0x000000001d703800 3122       3       org.apache.maven.model.merge.ModelMerger::mergeBuild_TestOutputDirectory (43 bytes)
Event: 11.349 Thread 0x000000001d703800 nmethod 3122 0x0000000003758190 code [0x0000000003758320, 0x00000000037587b8]
Event: 11.349 Thread 0x000000001d703800 3123       3       org.apache.maven.model.merge.ModelMerger::mergeBuild_Extensions (26 bytes)
Event: 11.350 Thread 0x000000001d703800 nmethod 3123 0x0000000003758950 code [0x0000000003758b60, 0x0000000003759628]
Event: 11.360 Thread 0x000000001d703800 3124   !   3       org.apache.maven.model.ReportPlugin::clone (115 bytes)
Event: 11.360 Thread 0x000000001d6f7800 nmethod 3117 0x000000000375e2d0 code [0x000000000375e5e0, 0x000000000375fe78]
Event: 11.361 Thread 0x000000001d703800 nmethod 3124 0x000000000375c290 code [0x000000000375c540, 0x000000000375d918]
Event: 11.361 Thread 0x000000001d703800 3126       3       org.apache.maven.model.merge.MavenModelMerger::getReportPluginKey (5 bytes)
Event: 11.361 Thread 0x000000001d703800 nmethod 3126 0x000000000375b250 code [0x000000000375b440, 0x000000000375bd78]
Event: 11.362 Thread 0x000000001d703800 3127       3       org.apache.maven.model.ReportPlugin::getKey (12 bytes)
Event: 11.362 Thread 0x000000001d703800 nmethod 3127 0x000000000375a3d0 code [0x000000000375a5a0, 0x000000000375ae58]
Event: 11.362 Thread 0x000000001d703800 3128       3       org.apache.maven.model.ReportPlugin::constructKey (24 bytes)
Event: 11.362 Thread 0x000000001d703800 nmethod 3128 0x0000000003762150 code [0x0000000003762320, 0x0000000003762b38]
Event: 11.362 Thread 0x000000001d703800 3125       3       org.apache.maven.repository.internal.DefaultModelResolver::addRepository (77 bytes)
Event: 11.363 Thread 0x000000001d703800 nmethod 3125 0x0000000003762e50 code [0x0000000003763040, 0x0000000003763898]
Event: 11.363 Thread 0x000000001d703800 3129       3       org.apache.maven.model.Model::setMailingLists (6 bytes)
Event: 11.363 Thread 0x000000001d703800 nmethod 3129 0x000000000375a090 code [0x000000000375a1e0, 0x000000000375a350]
Event: 11.365 Thread 0x000000001d703800 3130       3       java.lang.StringBuilder::subSequence (7 bytes)
Event: 11.365 Thread 0x000000001d703800 nmethod 3130 0x0000000003763c90 code [0x0000000003763e00, 0x0000000003764048]
Event: 11.365 Thread 0x000000001d703800 3131       3       java.lang.AbstractStringBuilder::subSequence (7 bytes)
Event: 11.365 Thread 0x000000001d703800 nmethod 3131 0x0000000003764190 code [0x0000000003764300, 0x0000000003764508]
Event: 11.369 Thread 0x000000001d703800 3132       3       org.apache.maven.model.merge.ModelMerger$ResourceKeyComputer::key (9 bytes)
Event: 11.369 Thread 0x000000001d6f7800 3135       4       org.apache.maven.model.interpolation.StringVisitorModelInterpolator$ModelVisitor::visit (231 bytes)
Event: 11.370 Thread 0x000000001d703800 nmethod 3132 0x0000000003764590 code [0x0000000003764700, 0x0000000003764a90]
Event: 11.370 Thread 0x000000001d703800 3133       3       org.apache.maven.model.merge.ModelMerger$ResourceKeyComputer::key (9 bytes)
Event: 11.370 Thread 0x000000001d703800 nmethod 3133 0x0000000003764bd0 code [0x0000000003764d40, 0x0000000003764f70]
Event: 11.370 Thread 0x000000001d703800 3134       3       org.apache.maven.model.merge.ModelMerger::getResourceKey (2 bytes)
Event: 11.370 Thread 0x000000001d703800 nmethod 3134 0x0000000003765050 code [0x00000000037651a0, 0x00000000037652f0]
Event: 11.376 Thread 0x000000001d6f4800 3136       4       java.util.Formatter$FormatSpecifier::checkBadFlags (39 bytes)
Event: 11.377 Thread 0x000000001d703800 3137       3       java.lang.AbstractStringBuilder::substring (62 bytes)
Event: 11.377 Thread 0x000000001d703800 nmethod 3137 0x0000000003765390 code [0x0000000003765540, 0x0000000003765a38]
Event: 11.379 Thread 0x000000001d6f4800 nmethod 3136 0x0000000003768a90 code [0x0000000003768be0, 0x0000000003768db8]
Event: 11.387 Thread 0x000000001d6f7800 nmethod 3135 0x000000000376af50 code [0x000000000376b180, 0x000000000376bab0]
Event: 11.541 Thread 0x000000001d703800 3139       3       org.apache.maven.repository.internal.ArtifactDescriptorReaderDelegate::convert (205 bytes)
Event: 11.543 Thread 0x000000001d703800 nmethod 3139 0x000000000376c8d0 code [0x000000000376cca0, 0x000000000376ee88]
Event: 11.544 Thread 0x000000001d703800 3140       3       org.apache.maven.repository.internal.ArtifactDescriptorReaderDelegate::populateResult (426 bytes)
Event: 11.546 Thread 0x000000001d6fc800 3141       4       org.eclipse.aether.internal.impl.collect.CachingArtifactTypeRegistry::get (43 bytes)
Event: 11.548 Thread 0x000000001d703800 nmethod 3140 0x0000000003770350 code [0x0000000003770a40, 0x0000000003775788]
Event: 11.557 Thread 0x000000001d6f4800 3142       4       java.util.HashMap$Node::hashCode (16 bytes)
Event: 11.558 Thread 0x000000001d6f4800 nmethod 3142 0x0000000003769290 code [0x00000000037693e0, 0x0000000003769558]
Event: 11.564 Thread 0x000000001d703800 3143       3       java.util.ArrayList$SubList$1::next (79 bytes)
Event: 11.565 Thread 0x000000001d703800 nmethod 3143 0x000000000376a150 code [0x000000000376a300, 0x000000000376a888]
Event: 11.565 Thread 0x000000001d703800 3144       3       java.util.ArrayList$SubList$1::checkForComodification (26 bytes)
Event: 11.565 Thread 0x000000001d703800 nmethod 3144 0x0000000003769c50 code [0x0000000003769dc0, 0x000000000376a028]
Event: 11.568 Thread 0x000000001d703800 3145       3       java.util.TreeMap::getEntry (84 bytes)
Event: 11.568 Thread 0x000000001d703800 nmethod 3145 0x0000000003768050 code [0x0000000003768200, 0x0000000003768888]
Event: 11.574 Thread 0x000000001d703800 3146       3       org.apache.maven.model.merge.ModelMerger::merge (74 bytes)
Event: 11.575 Thread 0x000000001d703800 nmethod 3146 0x0000000003766d10 code [0x0000000003766f40, 0x0000000003767ad8]
Event: 11.577 Thread 0x000000001d703800 3147       3       org.eclipse.aether.util.graph.selector.ExclusionDependencySelector::selectDependency (50 bytes)
Event: 11.577 Thread 0x000000001d703800 nmethod 3147 0x0000000003766690 code [0x0000000003766800, 0x0000000003766b88]
Event: 11.590 Thread 0x000000001d703800 3148       3       java.util.regex.Pattern$BitClass::add (97 bytes)
Event: 11.590 Thread 0x000000001d703800 nmethod 3148 0x0000000003778390 code [0x00000000037785a0, 0x0000000003778f18]
Event: 11.612 Thread 0x000000001d703800 3149       3       java.io.File::getCanonicalPath (31 bytes)
Event: 11.613 Thread 0x000000001d703800 nmethod 3149 0x0000000003766050 code [0x00000000037661e0, 0x0000000003766558]
Event: 11.613 Thread 0x000000001d703800 3150       3       java.io.WinNTFileSystem::canonicalize (372 bytes)
Event: 11.618 Thread 0x000000001d703800 nmethod 3150 0x0000000003779410 code [0x0000000003779b60, 0x000000000377efb8]
Event: 11.626 Thread 0x000000001d703800 3151       1       org.apache.maven.model.building.ModelCacheTag$1::getType (3 bytes)
Event: 11.626 Thread 0x000000001d703800 nmethod 3151 0x0000000003759dd0 code [0x0000000003759f20, 0x000000000375a030]
Event: 11.627 Thread 0x000000001d703800 3152       3       org.apache.maven.model.merge.ModelMerger$MergingList::mergeAll (348 bytes)
Event: 11.629 Thread 0x000000001d703800 nmethod 3152 0x0000000003782250 code [0x0000000003782620, 0x0000000003784648]
Event: 11.630 Thread 0x000000001d703800 3153       3       org.codehaus.plexus.interpolation.ObjectBasedValueSource::<init> (11 bytes)
Event: 11.630 Thread 0x000000001d703800 nmethod 3153 0x0000000003785290 code [0x0000000003785420, 0x0000000003785870]
Event: 11.630 Thread 0x000000001d703800 3154       3       org.apache.maven.model.building.DefaultModelProblemCollector::<init> (77 bytes)
Event: 11.631 Thread 0x000000001d703800 nmethod 3154 0x0000000003785ad0 code [0x0000000003785cc0, 0x00000000037864f8]
Event: 11.631 Thread 0x000000001d703800 3155       3       java.util.EnumSet::noneOf (63 bytes)
Event: 11.632 Thread 0x000000001d703800 nmethod 3155 0x00000000037867d0 code [0x0000000003786a60, 0x0000000003787ac8]
Event: 11.632 Thread 0x000000001d703800 3156       3       java.util.EnumSet::getUniverse (10 bytes)
Event: 11.632 Thread 0x000000001d703800 nmethod 3156 0x0000000003788310 code [0x00000000037884a0, 0x0000000003788888]
Event: 11.632 Thread 0x000000001d703800 3157       3       java.lang.System$2::getEnumConstantsShared (8 bytes)
Event: 11.632 Thread 0x000000001d703800 nmethod 3157 0x0000000003769690 code [0x0000000003769800, 0x0000000003769b08]
Event: 11.632 Thread 0x000000001d703800 3158       3       java.util.RegularEnumSet::<init> (12 bytes)
Event: 11.633 Thread 0x000000001d703800 nmethod 3158 0x0000000003788a10 code [0x0000000003788b80, 0x0000000003788e90]
Event: 11.633 Thread 0x000000001d703800 3160       3       org.eclipse.aether.util.graph.manager.ClassicDependencyManager$Key::equals (123 bytes)
Event: 11.633 Thread 0x000000001d703800 nmethod 3160 0x0000000003789010 code [0x0000000003789260, 0x000000000378a098]
Event: 11.633 Thread 0x000000001d703800 3159       3       java.util.EnumSet::<init> (15 bytes)
Event: 11.633 Thread 0x000000001d703800 nmethod 3159 0x000000000378a4d0 code [0x000000000378a640, 0x000000000378a8f0]
Event: 11.637 Thread 0x000000001d703800 3161       3       org.eclipse.aether.resolution.ArtifactDescriptorRequest::<init> (18 bytes)
Event: 11.637 Thread 0x000000001d703800 nmethod 3161 0x000000000378aa10 code [0x000000000378ab80, 0x000000000378add0]
Event: 11.638 Thread 0x000000001d703800 3162       3       org.eclipse.aether.util.graph.manager.ClassicDependencyManager::manageDependency (356 bytes)
Event: 11.639 Thread 0x000000001d6f4800 3165       4       java.util.LinkedHashMap$LinkedKeyIterator::next (8 bytes)
Event: 11.640 Thread 0x000000001d6f4800 nmethod 3165 0x0000000003765c90 code [0x0000000003765dc0, 0x0000000003765e98]
Event: 11.641 Thread 0x000000001d703800 nmethod 3162 0x000000000378db50 code [0x000000000378dfe0, 0x00000000037913b8]
Event: 11.641 Thread 0x000000001d703800 3164       3       org.eclipse.aether.resolution.VersionRangeRequest::<init> (18 bytes)
Event: 11.641 Thread 0x000000001d703800 nmethod 3164 0x000000000378d6d0 code [0x000000000378d840, 0x000000000378da90]
Event: 11.641 Thread 0x000000001d703800 3163       3       org.eclipse.aether.internal.impl.collect.DefaultDependencyCollector$PremanagedDependency::<init> (88 bytes)
Event: 11.642 Thread 0x000000001d703800 nmethod 3163 0x000000000378c610 code [0x000000000378c800, 0x000000000378d178]
Event: 11.682 Thread 0x000000001d6fc800 nmethod 3141 0x0000000003797550 code [0x0000000003797960, 0x000000000379ad60]
Event: 11.729 Thread 0x000000001d703800 3166       3       org.eclipse.aether.graph.DefaultDependencyNode::<init> (72 bytes)
Event: 11.730 Thread 0x000000001d703800 nmethod 3166 0x000000000378bd10 code [0x000000000378bec0, 0x000000000378c468]
Event: 11.730 Thread 0x000000001d703800 3167       3       org.eclipse.aether.internal.impl.collect.DefaultDependencyCollector$PremanagedDependency::applyTo (66 bytes)
Event: 11.730 Thread 0x000000001d703800 nmethod 3167 0x000000000378b390 code [0x000000000378b540, 0x000000000378bba8]
Event: 11.730 Thread 0x000000001d703800 3168       3       org.eclipse.aether.graph.Dependency::setArtifact (34 bytes)
Event: 11.731 Thread 0x000000001d703800 nmethod 3168 0x0000000003796f90 code [0x0000000003797100, 0x0000000003797438]
Event: 11.774 Thread 0x000000001d703800 3169       3       java.io.File::getAbsoluteFile (21 bytes)
Event: 11.774 Thread 0x000000001d703800 nmethod 3169 0x00000000037968d0 code [0x0000000003796a60, 0x0000000003796df8]
Event: 11.777 Thread 0x000000001d703800 3170       3       org.apache.maven.model.Repository::setSnapshots (6 bytes)
Event: 11.777 Thread 0x000000001d703800 nmethod 3170 0x0000000003768ed0 code [0x0000000003769020, 0x0000000003769190]
Event: 11.782 Thread 0x000000001d703800 3171       3       org.apache.maven.model.merge.ModelMerger::mergeDependency_Scope (43 bytes)
Event: 11.782 Thread 0x000000001d703800 nmethod 3171 0x00000000037961d0 code [0x0000000003796360, 0x0000000003796718]
Event: 11.783 Thread 0x000000001d703800 3172       3       org.apache.maven.model.merge.ModelMerger::mergeDependency_SystemPath (43 bytes)
Event: 11.783 Thread 0x000000001d703800 nmethod 3172 0x0000000003795ad0 code [0x0000000003795c60, 0x0000000003796018]
Event: 11.783 Thread 0x000000001d703800 3173       3       org.apache.maven.model.management.DefaultDependencyManagementInjector$ManagementModelMerger::mergeDependency_Optional (1 bytes)
Event: 11.783 Thread 0x000000001d703800 nmethod 3173 0x000000000378b050 code [0x000000000378b1a0, 0x000000000378b2f0]
Event: 11.786 Thread 0x000000001d703800 3174       3       org.apache.maven.model.management.DefaultDependencyManagementInjector$ManagementModelMerger::mergeDependency_Exclusions (70 bytes)
Event: 11.787 Thread 0x000000001d703800 nmethod 3174 0x0000000003793e10 code [0x0000000003794080, 0x0000000003795098]
Event: 11.792 Thread 0x000000001d6fc800 3175       4       org.apache.maven.model.ModelBase::getProperties (23 bytes)
Event: 11.795 Thread 0x000000001d6fc800 nmethod 3175 0x000000000379f990 code [0x000000000379fae0, 0x000000000379fcb8]
Event: 11.806 Thread 0x000000001d703800 3176       3       org.apache.maven.repository.internal.DefaultVersionResolver::resolveVersion (953 bytes)
Event: 11.815 Thread 0x000000001d703800 nmethod 3176 0x000000000379fe10 code [0x00000000037a0880, 0x00000000037a8ce8]
Event: 11.815 Thread 0x000000001d703800 3178       3       org.apache.maven.repository.internal.DefaultVersionResolver$Key::<init> (336 bytes)
Event: 11.817 Thread 0x000000001d703800 nmethod 3178 0x00000000037ae210 code [0x00000000037ae560, 0x00000000037b0358]
Event: 11.817 Thread 0x000000001d703800 3177       3       org.eclipse.aether.resolution.VersionResult::<init> (25 bytes)
Event: 11.817 Thread 0x000000001d703800 nmethod 3177 0x0000000003793750 code [0x00000000037938e0, 0x0000000003793c88]
Event: 11.817 Thread 0x000000001d703800 3179       3       org.eclipse.aether.resolution.VersionResult::setVersion (7 bytes)
Event: 11.818 Thread 0x000000001d703800 nmethod 3179 0x0000000003793410 code [0x0000000003793560, 0x00000000037936d0]
Event: 11.849 Thread 0x000000001d6f7800 3180       4       org.codehaus.plexus.util.xml.pull.MXParser::parseAttribute (1641 bytes)
Event: 11.850 Thread 0x000000001d703800 3181       3       org.apache.maven.model.DistributionManagement::setRepository (6 bytes)
Event: 11.850 Thread 0x000000001d703800 nmethod 3181 0x00000000037930d0 code [0x0000000003793220, 0x0000000003793390]
Event: 11.850 Thread 0x000000001d703800 3182       3       org.apache.maven.model.Model::setGroupId (6 bytes)
Event: 11.850 Thread 0x000000001d703800 nmethod 3182 0x0000000003792d90 code [0x0000000003792ee0, 0x0000000003793050]
Event: 11.863 Thread 0x000000001d703800 3184       3       java.lang.String$CaseInsensitiveComparator::compare (111 bytes)
Event: 11.864 Thread 0x000000001d703800 nmethod 3184 0x00000000037b0ed0 code [0x00000000037b1180, 0x00000000037b22b8]
Event: 11.864 Thread 0x000000001d703800 3183       3       java.lang.String$CaseInsensitiveComparator::compare (13 bytes)
Event: 11.864 Thread 0x000000001d703800 nmethod 3183 0x000000000379f3d0 code [0x000000000379f540, 0x000000000379f8a8]
Event: 11.867 Thread 0x000000001d703800 3185       3       org.eclipse.aether.util.graph.selector.AndDependencySelector::deriveChildSelector (219 bytes)
Event: 11.868 Thread 0x000000001d703800 nmethod 3185 0x00000000037b2e50 code [0x00000000037b31a0, 0x00000000037b4ce8]
Event: 11.868 Thread 0x000000001d703800 3186       3       org.eclipse.aether.util.graph.selector.ScopeDependencySelector::deriveChildSelector (35 bytes)
Event: 11.869 Thread 0x000000001d703800 nmethod 3186 0x000000000379ed50 code [0x000000000379eec0, 0x000000000379f250]
Event: 11.869 Thread 0x000000001d703800 3187       3       org.eclipse.aether.util.graph.selector.OptionalDependencySelector::deriveChildSelector (24 bytes)
Event: 11.869 Thread 0x000000001d703800 nmethod 3187 0x000000000379e810 code [0x000000000379e980, 0x000000000379ec30]
Event: 11.954 Thread 0x000000001d6f7800 nmethod 3180 0x00000000037bb210 code [0x00000000037bb4e0, 0x00000000037be2a0]
Event: 11.968 Thread 0x000000001d703800 3188       3       org.apache.maven.model.DistributionManagement::<init> (5 bytes)
Event: 11.968 Thread 0x000000001d703800 nmethod 3188 0x0000000003792910 code [0x0000000003792a60, 0x0000000003792c10]
Event: 12.026 Thread 0x000000001d703800 3189   !   3       org.eclipse.aether.internal.impl.collect.DefaultDependencyCollector::processDependency (628 bytes)
Event: 12.032 Thread 0x000000001d703800 nmethod 3189 0x00000000037c0a90 code [0x00000000037c1140, 0x00000000037c5fb8]
Event: 12.041 Thread 0x000000001d703800 3190       3       org.eclipse.aether.internal.impl.collect.NodeStack::find (132 bytes)
Event: 12.041 Thread 0x000000001d703800 nmethod 3190 0x00000000037b9e10 code [0x00000000037ba060, 0x00000000037bad78]
Event: 12.042 Thread 0x000000001d703800 3191       3       org.eclipse.aether.resolution.VersionRangeRequest::setRequestContext (16 bytes)
Event: 12.042 Thread 0x000000001d703800 nmethod 3191 0x000000000379e450 code [0x000000000379e5a0, 0x000000000379e770]
Event: 12.042 Thread 0x000000001d703800 3192       3       org.eclipse.aether.resolution.VersionRangeRequest::setTrace (7 bytes)
Event: 12.042 Thread 0x000000001d703800 nmethod 3192 0x000000000379e0d0 code [0x000000000379e220, 0x000000000379e390]
Event: 12.042 Thread 0x000000001d703800 3193       3       org.eclipse.aether.resolution.VersionRangeResult::<init> (39 bytes)
Event: 12.042 Thread 0x000000001d703800 nmethod 3193 0x00000000037b95d0 code [0x00000000037b9780, 0x00000000037b9c28]
Event: 12.042 Thread 0x000000001d703800 3194       3       org.eclipse.aether.resolution.VersionRangeResult::addVersion (36 bytes)
Event: 12.043 Thread 0x000000001d703800 nmethod 3194 0x00000000037b8c90 code [0x00000000037b8e40, 0x00000000037b9398]
Event: 12.088 Thread 0x000000001d703800 3195       3       java.util.LinkedHashMap$LinkedHashIterator::remove (77 bytes)
Event: 12.089 Thread 0x000000001d703800 nmethod 3195 0x00000000037b8250 code [0x00000000037b8400, 0x00000000037b89f8]
Event: 12.089 Thread 0x000000001d6fc800 3196       4       org.eclipse.aether.artifact.DefaultArtifact::<init> (130 bytes)
Event: 12.089 Thread 0x000000001d6f4800 3197       4       org.eclipse.aether.artifact.DefaultArtifact::merge (70 bytes)
Event: 12.089 Thread 0x000000001d6f7800 3198       4       org.apache.maven.repository.internal.ArtifactDescriptorReaderDelegate::convert (205 bytes)
Event: 12.090 Thread 0x000000001d703800 3199       3       java.util.AbstractSet::hashCode (39 bytes)
Event: 12.090 Thread 0x000000001d703800 nmethod 3199 0x00000000037b7990 code [0x00000000037b7b40, 0x00000000037b8098]
Event: 12.093 Thread 0x000000001d6f4800 nmethod 3197 0x00000000037b5dd0 code [0x00000000037b5f60, 0x00000000037b61f8]
Event: 12.096 Thread 0x000000001d6fc800 nmethod 3196 0x00000000037cac50 code [0x00000000037cae00, 0x00000000037cb398]
Event: 12.105 Thread 0x000000001d703800 3200       3       org.apache.maven.model.io.xpp3.MavenXpp3Reader::parseExclusion (188 bytes)
Event: 12.105 Thread 0x000000001d6f4800 3201 % !   4       org.apache.maven.model.DependencyManagement::clone @ 36 (137 bytes)
Event: 12.106 Thread 0x000000001d703800 nmethod 3200 0x00000000037cd690 code [0x00000000037cd9e0, 0x00000000037ceff8]
Event: 12.114 Thread 0x000000001d703800 3202       3       org.apache.maven.model.merge.ModelMerger::mergeDependency (82 bytes)
Event: 12.114 Thread 0x000000001d703800 nmethod 3202 0x00000000037b6d50 code [0x00000000037b6f20, 0x00000000037b7788]
Event: 12.121 Thread 0x000000001d703800 3203       3       org.apache.maven.model.building.ModelCacheTag$2::intoCache (13 bytes)
Event: 12.121 Thread 0x000000001d703800 nmethod 3203 0x00000000037b5990 code [0x00000000037b5b00, 0x00000000037b5ce8]
Event: 12.123 Thread 0x000000001d703800 3204       1       org.eclipse.aether.resolution.ArtifactDescriptorRequest::getTrace (5 bytes)
Event: 12.123 Thread 0x000000001d703800 nmethod 3204 0x00000000037b6a90 code [0x00000000037b6be0, 0x00000000037b6cf0]
Event: 12.126 Thread 0x000000001d6f4800 nmethod 3201% 0x00000000037d2110 code [0x00000000037d22c0, 0x00000000037d2dd8]
Event: 12.129 Thread 0x000000001d6fc800 3205   !   4       java.io.BufferedReader::readLine (304 bytes)
Event: 12.129 Thread 0x000000001d6f4800 3206       4       org.apache.maven.model.io.xpp3.MavenXpp3Reader::parseDependency (468 bytes)
Event: 12.130 Thread 0x000000001d703800 3207       3       org.apache.maven.ReactorReader::findArtifact (77 bytes)
Event: 12.131 Thread 0x000000001d703800 nmethod 3207 0x00000000037cc950 code [0x00000000037ccb40, 0x00000000037cd3c8]
Event: 12.172 Thread 0x000000001d6fc800 nmethod 3205 0x00000000037d6390 code [0x00000000037d6560, 0x00000000037d7b88]

GC Heap History (6 events):
Event: 4.307 GC heap before
{Heap before GC invocations=1 (full 0):
 PSYoungGen      total 76288K, used 65536K [0x000000076b380000, 0x0000000770880000, 0x00000007c0000000)
  eden space 65536K, 100% used [0x000000076b380000,0x000000076f380000,0x000000076f380000)
  from space 10752K, 0% used [0x000000076fe00000,0x000000076fe00000,0x0000000770880000)
  to   space 10752K, 0% used [0x000000076f380000,0x000000076f380000,0x000000076fe00000)
 ParOldGen       total 175104K, used 0K [0x00000006c1a00000, 0x00000006cc500000, 0x000000076b380000)
  object space 175104K, 0% used [0x00000006c1a00000,0x00000006c1a00000,0x00000006cc500000)
 Metaspace       used 11480K, capacity 11622K, committed 11904K, reserved 1060864K
  class space    used 1309K, capacity 1378K, committed 1408K, reserved 1048576K
Event: 4.320 GC heap after
Heap after GC invocations=1 (full 0):
 PSYoungGen      total 76288K, used 8746K [0x000000076b380000, 0x0000000770880000, 0x00000007c0000000)
  eden space 65536K, 0% used [0x000000076b380000,0x000000076b380000,0x000000076f380000)
  from space 10752K, 81% used [0x000000076f380000,0x000000076fc0abb8,0x000000076fe00000)
  to   space 10752K, 0% used [0x000000076fe00000,0x000000076fe00000,0x0000000770880000)
 ParOldGen       total 175104K, used 16K [0x00000006c1a00000, 0x00000006cc500000, 0x000000076b380000)
  object space 175104K, 0% used [0x00000006c1a00000,0x00000006c1a04000,0x00000006cc500000)
 Metaspace       used 11480K, capacity 11622K, committed 11904K, reserved 1060864K
  class space    used 1309K, capacity 1378K, committed 1408K, reserved 1048576K
}
Event: 7.368 GC heap before
{Heap before GC invocations=2 (full 0):
 PSYoungGen      total 76288K, used 74282K [0x000000076b380000, 0x0000000770880000, 0x00000007c0000000)
  eden space 65536K, 100% used [0x000000076b380000,0x000000076f380000,0x000000076f380000)
  from space 10752K, 81% used [0x000000076f380000,0x000000076fc0abb8,0x000000076fe00000)
  to   space 10752K, 0% used [0x000000076fe00000,0x000000076fe00000,0x0000000770880000)
 ParOldGen       total 175104K, used 16K [0x00000006c1a00000, 0x00000006cc500000, 0x000000076b380000)
  object space 175104K, 0% used [0x00000006c1a00000,0x00000006c1a04000,0x00000006cc500000)
 Metaspace       used 16561K, capacity 16898K, committed 17152K, reserved 1064960K
  class space    used 1895K, capacity 2010K, committed 2048K, reserved 1048576K
Event: 7.444 GC heap after
Heap after GC invocations=2 (full 0):
 PSYoungGen      total 76288K, used 10721K [0x000000076b380000, 0x0000000774880000, 0x00000007c0000000)
  eden space 65536K, 0% used [0x000000076b380000,0x000000076b380000,0x000000076f380000)
  from space 10752K, 99% used [0x000000076fe00000,0x0000000770878478,0x0000000770880000)
  to   space 10752K, 0% used [0x000000076f380000,0x000000076f380000,0x000000076fe00000)
 ParOldGen       total 175104K, used 1048K [0x00000006c1a00000, 0x00000006cc500000, 0x000000076b380000)
  object space 175104K, 0% used [0x00000006c1a00000,0x00000006c1b06398,0x00000006cc500000)
 Metaspace       used 16561K, capacity 16898K, committed 17152K, reserved 1064960K
  class space    used 1895K, capacity 2010K, committed 2048K, reserved 1048576K
}
Event: 10.335 GC heap before
{Heap before GC invocations=3 (full 0):
 PSYoungGen      total 76288K, used 76257K [0x000000076b380000, 0x0000000774880000, 0x00000007c0000000)
  eden space 65536K, 100% used [0x000000076b380000,0x000000076f380000,0x000000076f380000)
  from space 10752K, 99% used [0x000000076fe00000,0x0000000770878478,0x0000000770880000)
  to   space 10752K, 0% used [0x000000076f380000,0x000000076f380000,0x000000076fe00000)
 ParOldGen       total 175104K, used 1048K [0x00000006c1a00000, 0x00000006cc500000, 0x000000076b380000)
  object space 175104K, 0% used [0x00000006c1a00000,0x00000006c1b06398,0x00000006cc500000)
 Metaspace       used 17191K, capacity 17584K, committed 17920K, reserved 1064960K
  class space    used 1926K, capacity 2017K, committed 2048K, reserved 1048576K
Event: 10.371 GC heap after
Heap after GC invocations=3 (full 0):
 PSYoungGen      total 76288K, used 10745K [0x000000076b380000, 0x0000000774880000, 0x00000007c0000000)
  eden space 65536K, 0% used [0x000000076b380000,0x000000076b380000,0x000000076f380000)
  from space 10752K, 99% used [0x000000076f380000,0x000000076fdfe660,0x000000076fe00000)
  to   space 10752K, 0% used [0x0000000773e00000,0x0000000773e00000,0x0000000774880000)
 ParOldGen       total 175104K, used 6312K [0x00000006c1a00000, 0x00000006cc500000, 0x000000076b380000)
  object space 175104K, 3% used [0x00000006c1a00000,0x00000006c202a368,0x00000006cc500000)
 Metaspace       used 17191K, capacity 17584K, committed 17920K, reserved 1064960K
  class space    used 1926K, capacity 2017K, committed 2048K, reserved 1048576K
}

Deoptimization events (54 events):
Event: 3.231 Thread 0x000000000284a800 Uncommon trap: reason=unstable_if action=reinterpret pc=0x0000000002e24ce8 method=org.codehaus.plexus.util.xml.pull.MXParser.more()C @ 8
Event: 3.325 Thread 0x000000000284a800 Uncommon trap: reason=unstable_if action=reinterpret pc=0x0000000002ef8aec method=sun.nio.cs.StreamDecoder.implRead([CII)I @ 71
Event: 3.368 Thread 0x000000000284a800 Uncommon trap: reason=unstable_if action=reinterpret pc=0x0000000002ed87a8 method=java.io.Reader.read()I @ 12
Event: 3.427 Thread 0x000000000284a800 Uncommon trap: reason=unstable_if action=reinterpret pc=0x0000000002f18258 method=org.codehaus.plexus.util.xml.pull.MXParser.nextImpl()I @ 200
Event: 3.517 Thread 0x000000000284a800 Uncommon trap: reason=unstable_if action=reinterpret pc=0x0000000002f0ca88 method=sun.nio.cs.StreamDecoder.implRead([CII)I @ 197
Event: 3.522 Thread 0x000000000284a800 Uncommon trap: reason=unstable_if action=reinterpret pc=0x0000000002f2271c method=org.codehaus.plexus.util.xml.pull.MXParser.nextImpl()I @ 241
Event: 3.523 Thread 0x000000000284a800 Uncommon trap: reason=unstable_if action=reinterpret pc=0x0000000002f02134 method=sun.nio.cs.StreamDecoder.implRead([CII)I @ 197
Event: 3.525 Thread 0x000000000284a800 Uncommon trap: reason=unstable_if action=reinterpret pc=0x0000000002f1da00 method=sun.nio.cs.StreamDecoder.implRead([CII)I @ 197
Event: 3.527 Thread 0x000000000284a800 Uncommon trap: reason=unstable_if action=reinterpret pc=0x0000000002f27820 method=sun.nio.cs.StreamDecoder.implRead([CII)I @ 197
Event: 3.537 Thread 0x000000000284a800 Uncommon trap: reason=unstable_if action=reinterpret pc=0x0000000002f077b8 method=sun.nio.cs.StreamDecoder.implRead([CII)I @ 197
Event: 3.723 Thread 0x000000000284a800 Uncommon trap: reason=range_check action=make_not_entrant pc=0x0000000002f6ef28 method=sun.reflect.generics.parser.SignatureParser.current()C @ 34
Event: 5.371 Thread 0x000000000284a800 Uncommon trap: reason=unstable_if action=reinterpret pc=0x000000000316d244 method=org.eclipse.sisu.inject.InjectorBindings.isAssignableFrom(Lcom/google/inject/TypeLiteral;Lcom/google/inject/Binding;)Z @ 14
Event: 5.373 Thread 0x000000000284a800 Uncommon trap: reason=null_check action=make_not_entrant pc=0x0000000002de66d0 method=java.lang.String.equals(Ljava/lang/Object;)Z @ 8
Event: 5.380 Thread 0x000000000284a800 Uncommon trap: reason=unstable_if action=reinterpret pc=0x0000000002e59cb4 method=sun.misc.MetaIndex.mayContain(Ljava/lang/String;)Z @ 38
Event: 5.583 Thread 0x000000000284a800 Uncommon trap: reason=unstable_if action=reinterpret pc=0x0000000002eb82e8 method=java.lang.AbstractStringBuilder.append(Ljava/lang/String;)Ljava/lang/AbstractStringBuilder; @ 1
Event: 5.583 Thread 0x000000000284a800 Uncommon trap: reason=unstable_if action=reinterpret pc=0x0000000002e48538 method=java.lang.AbstractStringBuilder.append(Ljava/lang/String;)Ljava/lang/AbstractStringBuilder; @ 1
Event: 5.666 Thread 0x000000000284a800 Uncommon trap: reason=unstable_if action=reinterpret pc=0x0000000002df7eb8 method=java.lang.String.replace(CC)Ljava/lang/String; @ 2
Event: 6.035 Thread 0x000000000284a800 Uncommon trap: reason=unstable_if action=reinterpret pc=0x00000000031ec2f4 method=java.lang.String.trim()Ljava/lang/String; @ 63
Event: 6.066 Thread 0x000000000284a800 Uncommon trap: reason=null_check action=make_not_entrant pc=0x0000000003231dc8 method=org.apache.maven.model.io.xpp3.MavenXpp3ReaderEx.checkFieldWithDuplicate(Lorg/codehaus/plexus/util/xml/pull/XmlPullParser;Ljava/lang/String;Ljava/lang/String;Ljava/util/
Event: 6.527 Thread 0x000000000284a800 Uncommon trap: reason=class_check action=maybe_recompile pc=0x00000000031d69c0 method=java.util.regex.Pattern$7.isSatisfiedBy(I)Z @ 16
Event: 6.527 Thread 0x000000000284a800 Uncommon trap: reason=class_check action=maybe_recompile pc=0x00000000031d69c0 method=java.util.regex.Pattern$7.isSatisfiedBy(I)Z @ 16
Event: 6.527 Thread 0x000000000284a800 Uncommon trap: reason=class_check action=maybe_recompile pc=0x00000000031d69c0 method=java.util.regex.Pattern$7.isSatisfiedBy(I)Z @ 16
Event: 6.527 Thread 0x000000000284a800 Uncommon trap: reason=class_check action=maybe_recompile pc=0x00000000031d69c0 method=java.util.regex.Pattern$7.isSatisfiedBy(I)Z @ 16
Event: 6.659 Thread 0x000000000284a800 Uncommon trap: reason=unstable_if action=reinterpret pc=0x00000000031ea6bc method=org.codehaus.plexus.util.xml.pull.MXParser.nextImpl()I @ 879
Event: 6.679 Thread 0x000000000284a800 Uncommon trap: reason=unstable_if action=reinterpret pc=0x00000000032aecfc method=org.apache.maven.model.validation.DefaultModelValidator.isValidIdCharacter(C)Z @ 15
Event: 6.708 Thread 0x000000000284a800 Uncommon trap: reason=unstable_if action=reinterpret pc=0x0000000002edcecc method=sun.nio.cs.UTF_8$Decoder.decodeArrayLoop(Ljava/nio/ByteBuffer;Ljava/nio/CharBuffer;)Ljava/nio/charset/CoderResult; @ 84
Event: 6.864 Thread 0x000000000284a800 Uncommon trap: reason=unstable_if action=reinterpret pc=0x0000000002fa61c4 method=java.lang.String.regionMatches(ZILjava/lang/String;II)Z @ 25
Event: 6.889 Thread 0x000000000284a800 Uncommon trap: reason=unstable_if action=reinterpret pc=0x0000000003325b44 method=org.apache.maven.model.validation.DefaultModelValidator.isValidIdCharacter(C)Z @ 51
Event: 7.144 Thread 0x000000000284a800 Uncommon trap: reason=null_check action=make_not_entrant pc=0x00000000033ab6f0 method=org.apache.maven.model.io.xpp3.MavenXpp3Reader.checkFieldWithDuplicate(Lorg/codehaus/plexus/util/xml/pull/XmlPullParser;Ljava/lang/String;Ljava/lang/String;Ljava/util/Se
Event: 7.492 Thread 0x000000000284a800 Uncommon trap: reason=unstable_if action=reinterpret pc=0x000000000334b3d8 method=org.codehaus.plexus.util.xml.pull.MXParser.nextImpl()I @ 1161
Event: 7.628 Thread 0x000000000284a800 Uncommon trap: reason=null_check action=make_not_entrant pc=0x000000000340b8d4 method=org.apache.maven.model.validation.DefaultModelValidator.validateEffectiveDependency(Lorg/apache/maven/model/building/ModelProblemCollector;Lorg/apache/maven/model/Depend
Event: 7.814 Thread 0x000000000284a800 Uncommon trap: reason=unstable_if action=reinterpret pc=0x0000000003341d5c method=java.util.HashMap.hash(Ljava/lang/Object;)I @ 1
Event: 7.814 Thread 0x000000000284a800 Uncommon trap: reason=unstable_if action=reinterpret pc=0x000000000332b8a4 method=java.util.HashMap.hash(Ljava/lang/Object;)I @ 1
Event: 7.814 Thread 0x000000000284a800 Uncommon trap: reason=unstable_if action=reinterpret pc=0x0000000002ec3fac method=java.util.HashMap.hash(Ljava/lang/Object;)I @ 1
Event: 7.814 Thread 0x000000000284a800 Uncommon trap: reason=unstable_if action=reinterpret pc=0x0000000002f93b54 method=java.util.HashMap.hash(Ljava/lang/Object;)I @ 1
Event: 8.221 Thread 0x000000000284a800 Uncommon trap: reason=unstable_if action=reinterpret pc=0x000000000341d874 method=org.codehaus.plexus.util.xml.pull.MXParser.nextImpl()I @ 972
Event: 8.303 Thread 0x000000000284a800 Uncommon trap: reason=unstable_if action=reinterpret pc=0x00000000034bf0d8 method=org.codehaus.plexus.util.xml.pull.MXParser.nextImpl()I @ 280
Event: 8.343 Thread 0x000000000284a800 Uncommon trap: reason=unstable_if action=reinterpret pc=0x0000000003472c74 method=java.util.regex.Pattern$Curly.match(Ljava/util/regex/Matcher;ILjava/lang/CharSequence;)Z @ 45
Event: 8.343 Thread 0x000000000284a800 Uncommon trap: reason=class_check action=maybe_recompile pc=0x000000000349fba0 method=org.codehaus.plexus.interpolation.MapBasedValueSource.getValue(Ljava/lang/String;)Ljava/lang/Object; @ 16
Event: 8.343 Thread 0x000000000284a800 Uncommon trap: reason=class_check action=maybe_recompile pc=0x000000000349fba0 method=org.codehaus.plexus.interpolation.MapBasedValueSource.getValue(Ljava/lang/String;)Ljava/lang/Object; @ 16
Event: 8.343 Thread 0x000000000284a800 Uncommon trap: reason=class_check action=maybe_recompile pc=0x000000000349fba0 method=org.codehaus.plexus.interpolation.MapBasedValueSource.getValue(Ljava/lang/String;)Ljava/lang/Object; @ 16
Event: 8.537 Thread 0x000000000284a800 Uncommon trap: reason=unstable_if action=reinterpret pc=0x0000000003478424 method=org.apache.maven.model.interpolation.StringVisitorModelInterpolator$ModelVisitor.visit(Lorg/apache/maven/model/Dependency;)V @ 159
Event: 8.538 Thread 0x000000000284a800 Uncommon trap: reason=unstable_if action=reinterpret pc=0x00000000034660d0 method=org.apache.maven.model.validation.DefaultModelValidator.validateEffectiveDependency(Lorg/apache/maven/model/building/ModelProblemCollector;Lorg/apache/maven/model/Dependency
Event: 8.538 Thread 0x000000000284a800 Uncommon trap: reason=unstable_if action=reinterpret pc=0x00000000034a0ac0 method=org.eclipse.aether.artifact.DefaultArtifact.merge(Ljava/util/Map;Ljava/util/Map;)Ljava/util/Map; @ 1
Event: 8.989 Thread 0x000000000284a800 Uncommon trap: reason=unstable_if action=reinterpret pc=0x00000000031eb95c method=java.util.LinkedHashMap.afterNodeInsertion(Z)V @ 18
Event: 8.992 Thread 0x000000000284a800 Uncommon trap: reason=unstable_if action=reinterpret pc=0x000000000352065c method=org.codehaus.plexus.util.xml.pull.MXParser.parseAttribute()C @ 762
Event: 8.995 Thread 0x000000000284a800 Uncommon trap: reason=unstable_if action=reinterpret pc=0x00000000035597bc method=org.codehaus.plexus.interpolation.StringSearchInterpolator.interpolate(Ljava/lang/String;Lorg/codehaus/plexus/interpolation/RecursionInterceptor;Ljava/util/Set;)Ljava/lang/S
Event: 9.212 Thread 0x000000000284a800 Uncommon trap: reason=unstable_if action=reinterpret pc=0x00000000033d227c method=org.apache.maven.model.io.xpp3.MavenXpp3Reader.nextTag(Lorg/codehaus/plexus/util/xml/pull/XmlPullParser;)I @ 9
Event: 11.131 Thread 0x000000000284a800 Uncommon trap: reason=class_check action=maybe_recompile pc=0x000000000349fba0 method=org.codehaus.plexus.interpolation.MapBasedValueSource.getValue(Ljava/lang/String;)Ljava/lang/Object; @ 16
Event: 11.136 Thread 0x000000000284a800 Uncommon trap: reason=unstable_if action=reinterpret pc=0x0000000003584f74 method=org.apache.maven.repository.internal.ArtifactDescriptorReaderDelegate.convert(Lorg/apache/maven/model/Dependency;Lorg/eclipse/aether/artifact/ArtifactTypeRegistry;)Lorg/ecli
Event: 11.136 Thread 0x000000000284a800 Uncommon trap: reason=unstable_if action=reinterpret pc=0x00000000034a34f8 method=org.eclipse.aether.artifact.DefaultArtifact.merge(Ljava/util/Map;Ljava/util/Map;)Ljava/util/Map; @ 1
Event: 11.286 Thread 0x000000000284a800 Uncommon trap: reason=class_check action=maybe_recompile pc=0x00000000034a13dc method=org.eclipse.aether.graph.Dependency.<init>(Lorg/eclipse/aether/artifact/Artifact;Ljava/lang/String;Ljava/util/Set;Ljava/lang/Boolean;)V @ 11
Event: 11.305 Thread 0x000000000284a800 Uncommon trap: reason=unstable_if action=reinterpret pc=0x000000000362e654 method=org.apache.maven.model.merge.ModelMerger.merge(Ljava/util/List;Ljava/util/List;Lorg/apache/maven/model/merge/ModelMerger$KeyComputer;Lorg/apache/maven/model/merge/ModelMerge
Event: 11.590 Thread 0x000000000284a800 Uncommon trap: reason=unstable_if action=reinterpret pc=0x00000000035d7c0c method=org.apache.maven.model.merge.ModelMerger$MergingList.mergeAll(Ljava/util/Collection;Lorg/apache/maven/model/merge/ModelMerger$Remapping;)V @ 171

Classes redefined (0 events):
No events

Internal exceptions (19 events):
Event: 0.173 Thread 0x000000000284a800 Exception <a 'java/lang/NoSuchMethodError': Method sun.misc.Unsafe.defineClass(Ljava/lang/String;[BII)Ljava/lang/Class; name or signature does not match> (0x000000076b387cc0) thrown at [C:\ojdkbuild\lookaside\java-1.8.0-openjdk\hotspot\src\share\vm\prims\
Event: 0.173 Thread 0x000000000284a800 Exception <a 'java/lang/NoSuchMethodError': Method sun.misc.Unsafe.prefetchRead(Ljava/lang/Object;J)V name or signature does not match> (0x000000076b387fa8) thrown at [C:\ojdkbuild\lookaside\java-1.8.0-openjdk\hotspot\src\share\vm\prims\jni.cpp, line 4015
Event: 0.435 Thread 0x000000000284a800 Exception <a 'java/util/zip/ZipException'> (0x000000076b463048) thrown at [C:\ojdkbuild\lookaside\java-1.8.0-openjdk\hotspot\src\share\vm\prims\jni.cpp, line 711]
Event: 0.435 Thread 0x000000000284a800 Exception <a 'java/security/PrivilegedActionException'> (0x000000076b463838) thrown at [C:\ojdkbuild\lookaside\java-1.8.0-openjdk\hotspot\src\share\vm\prims\jvm.cpp, line 1519]
Event: 0.435 Thread 0x000000000284a800 Exception <a 'java/security/PrivilegedActionException'> (0x000000076b463a48) thrown at [C:\ojdkbuild\lookaside\java-1.8.0-openjdk\hotspot\src\share\vm\prims\jvm.cpp, line 1519]
Event: 0.723 Thread 0x000000000284a800 Exception <a 'java/security/PrivilegedActionException'> (0x000000076baa6428) thrown at [C:\ojdkbuild\lookaside\java-1.8.0-openjdk\hotspot\src\share\vm\prims\jvm.cpp, line 1519]
Event: 0.723 Thread 0x000000000284a800 Exception <a 'java/security/PrivilegedActionException'> (0x000000076baa6820) thrown at [C:\ojdkbuild\lookaside\java-1.8.0-openjdk\hotspot\src\share\vm\prims\jvm.cpp, line 1519]
Event: 0.725 Thread 0x000000000284a800 Exception <a 'java/security/PrivilegedActionException'> (0x000000076baaa7a8) thrown at [C:\ojdkbuild\lookaside\java-1.8.0-openjdk\hotspot\src\share\vm\prims\jvm.cpp, line 1519]
Event: 0.725 Thread 0x000000000284a800 Exception <a 'java/security/PrivilegedActionException'> (0x000000076baaaba0) thrown at [C:\ojdkbuild\lookaside\java-1.8.0-openjdk\hotspot\src\share\vm\prims\jvm.cpp, line 1519]
Event: 3.170 Thread 0x000000000284a800 Exception <a 'java/lang/ArrayIndexOutOfBoundsException'> (0x000000076cffb390) thrown at [C:\ojdkbuild\lookaside\java-1.8.0-openjdk\hotspot\src\share\vm\runtime\sharedRuntime.cpp, line 609]
Event: 3.175 Thread 0x000000000284a800 Exception <a 'java/lang/ArrayIndexOutOfBoundsException'> (0x000000076d01cd00) thrown at [C:\ojdkbuild\lookaside\java-1.8.0-openjdk\hotspot\src\share\vm\runtime\sharedRuntime.cpp, line 609]
Event: 3.199 Thread 0x000000000284a800 Exception <a 'java/lang/ArrayIndexOutOfBoundsException'> (0x000000076d065ef8) thrown at [C:\ojdkbuild\lookaside\java-1.8.0-openjdk\hotspot\src\share\vm\runtime\sharedRuntime.cpp, line 609]
Event: 3.543 Thread 0x000000000284a800 Exception <a 'java/lang/ArrayIndexOutOfBoundsException'> (0x000000076daa57a0) thrown at [C:\ojdkbuild\lookaside\java-1.8.0-openjdk\hotspot\src\share\vm\runtime\sharedRuntime.cpp, line 609]
Event: 3.545 Thread 0x000000000284a800 Exception <a 'java/lang/ArrayIndexOutOfBoundsException'> (0x000000076daaabd0) thrown at [C:\ojdkbuild\lookaside\java-1.8.0-openjdk\hotspot\src\share\vm\runtime\sharedRuntime.cpp, line 609]
Event: 3.723 Thread 0x000000000284a800 Exception <a 'java/lang/ArrayIndexOutOfBoundsException': 66> (0x000000076de5d3b8) thrown at [C:\ojdkbuild\lookaside\java-1.8.0-openjdk\hotspot\src\share\vm\interpreter\interpreterRuntime.cpp, line 371]
Event: 5.168 Thread 0x000000000284a800 Exception <a 'java/lang/NoClassDefFoundError': com/google/inject/servlet/ServletModuleTargetVisitor> (0x000000076cce8380) thrown at [C:\ojdkbuild\lookaside\java-1.8.0-openjdk\hotspot\src\share\vm\classfile\systemDictionary.cpp, line 204]
Event: 5.168 Thread 0x000000000284a800 Exception <a 'java/lang/NoClassDefFoundError'> (0x000000076cce8380) thrown at [C:\ojdkbuild\lookaside\java-1.8.0-openjdk\hotspot\src\share\vm\prims\jvm.cpp, line 1523]
Event: 5.168 Thread 0x000000000284a800 Exception <a 'java/lang/NoClassDefFoundError': javax/annotation/Priority> (0x000000076cced388) thrown at [C:\ojdkbuild\lookaside\java-1.8.0-openjdk\hotspot\src\share\vm\classfile\systemDictionary.cpp, line 204]
Event: 5.373 Thread 0x000000000284a800 Implicit null exception at 0x0000000002de64db to 0x0000000002de66c1

Events (250 events):
Event: 7.545 loading class org/apache/maven/lifecycle/internal/DefaultExecutionEventCatapult
Event: 7.545 loading class org/apache/maven/lifecycle/internal/DefaultExecutionEventCatapult done
Event: 7.545 loading class org/apache/maven/lifecycle/internal/DefaultExecutionEventCatapult
Event: 7.545 loading class org/apache/maven/lifecycle/internal/DefaultExecutionEventCatapult done
Event: 7.546 loading class org/apache/maven/lifecycle/internal/DefaultLifecycleExecutionPlanCalculator
Event: 7.546 loading class org/apache/maven/lifecycle/internal/DefaultLifecycleExecutionPlanCalculator done
Event: 7.546 loading class org/apache/maven/lifecycle/internal/DefaultLifecycleExecutionPlanCalculator
Event: 7.546 loading class org/apache/maven/lifecycle/internal/DefaultLifecycleExecutionPlanCalculator done
Event: 7.546 loading class org/apache/maven/lifecycle/internal/DefaultLifecycleExecutionPlanCalculator
Event: 7.546 loading class org/apache/maven/lifecycle/internal/DefaultLifecycleExecutionPlanCalculator done
Event: 7.547 loading class org/apache/maven/lifecycle/LifecycleMappingDelegate
Event: 7.547 loading class org/apache/maven/lifecycle/LifecycleMappingDelegate done
Event: 7.547 loading class org/apache/maven/lifecycle/internal/LifecyclePluginResolver
Event: 7.547 loading class org/apache/maven/lifecycle/internal/LifecyclePluginResolver done
Event: 7.547 loading class org/apache/maven/lifecycle/internal/MojoDescriptorCreator
Event: 7.547 loading class org/apache/maven/lifecycle/internal/MojoDescriptorCreator done
Event: 7.547 loading class org/apache/maven/lifecycle/DefaultLifecycles
Event: 7.547 loading class org/apache/maven/lifecycle/DefaultLifecycles done
Event: 7.547 loading class org/apache/maven/plugin/BuildPluginManager
Event: 7.547 loading class org/apache/maven/plugin/BuildPluginManager done
Event: 7.547 loading class org/apache/maven/plugin/version/PluginVersionResolver
Event: 7.547 loading class org/apache/maven/plugin/version/PluginVersionResolver done
Event: 7.547 loading class org/apache/maven/plugin/version/internal/DefaultPluginVersionResolver
Event: 7.547 loading class org/apache/maven/plugin/version/internal/DefaultPluginVersionResolver done
Event: 7.547 loading class org/apache/maven/plugin/version/internal/DefaultPluginVersionResolver
Event: 7.547 loading class org/apache/maven/plugin/version/internal/DefaultPluginVersionResolver done
Event: 7.548 loading class org/apache/maven/lifecycle/internal/DefaultLifecycleMappingDelegate
Event: 7.548 loading class org/apache/maven/lifecycle/internal/DefaultLifecycleMappingDelegate done
Event: 7.548 loading class org/apache/maven/lifecycle/internal/DefaultLifecycleMappingDelegate
Event: 7.548 loading class org/apache/maven/lifecycle/internal/DefaultLifecycleMappingDelegate done
Event: 7.548 loading class org/apache/maven/lifecycle/internal/DefaultLifecycleMappingDelegate
Event: 7.548 loading class org/apache/maven/lifecycle/internal/DefaultLifecycleMappingDelegate done
Event: 7.549 loading class org/apache/maven/plugin/BuildPluginManager
Event: 7.549 loading class org/apache/maven/plugin/BuildPluginManager done
Event: 7.549 loading class org/apache/maven/lifecycle/internal/CompoundProjectExecutionListener
Event: 7.549 loading class org/apache/maven/lifecycle/internal/CompoundProjectExecutionListener done
Event: 7.550 loading class org/apache/maven/execution/ProjectExecutionEvent
Event: 7.550 loading class org/apache/maven/execution/ProjectExecutionEvent done
Event: 7.560 loading class org/apache/maven/plugin/MojoExecution$Source
Event: 7.560 loading class org/apache/maven/plugin/MojoExecution$Source done
Event: 7.560 loading class org/apache/maven/lifecycle/internal/DefaultMojoExecutionConfigurator
Event: 7.560 loading class org/apache/maven/lifecycle/internal/DefaultMojoExecutionConfigurator done
Event: 7.560 loading class org/apache/maven/lifecycle/internal/DefaultMojoExecutionConfigurator
Event: 7.560 loading class org/apache/maven/lifecycle/internal/DefaultMojoExecutionConfigurator done
Event: 7.561 loading class org/apache/maven/lifecycle/internal/DefaultMojoExecutionConfigurator
Event: 7.561 loading class org/apache/maven/lifecycle/internal/DefaultMojoExecutionConfigurator done
Event: 7.562 loading class java/util/TreeMap$Values
Event: 7.562 loading class java/util/TreeMap$Values done
Event: 7.562 loading class java/util/TreeMap$ValueIterator
Event: 7.562 loading class java/util/TreeMap$ValueIterator done
Event: 7.616 loading class org/apache/maven/model/Notifier
Event: 7.616 loading class org/apache/maven/model/Notifier done
Event: 7.628 Thread 0x000000000284a800 Uncommon trap: trap_request=0xfffffff4 fr.pc=0x000000000340b8d4
Event: 7.628 Thread 0x000000000284a800 DEOPT PACKING pc=0x000000000340b8d4 sp=0x000000000298d750
Event: 7.628 Thread 0x000000000284a800 DEOPT UNPACKING pc=0x0000000002c5557b sp=0x000000000298d760 mode 2
Event: 7.813 loading class org/apache/maven/lifecycle/internal/ExecutionPlanItem
Event: 7.813 loading class org/apache/maven/lifecycle/internal/ExecutionPlanItem done
Event: 7.814 Thread 0x000000000284a800 Uncommon trap: trap_request=0xffffff65 fr.pc=0x0000000003341d5c
Event: 7.814 Thread 0x000000000284a800 DEOPT PACKING pc=0x0000000003341d5c sp=0x000000000298e100
Event: 7.814 Thread 0x000000000284a800 DEOPT UNPACKING pc=0x0000000002c5557b sp=0x000000000298dff0 mode 2
Event: 7.814 Thread 0x000000000284a800 Uncommon trap: trap_request=0xffffff65 fr.pc=0x000000000332b8a4
Event: 7.814 Thread 0x000000000284a800 DEOPT PACKING pc=0x000000000332b8a4 sp=0x000000000298e0e0
Event: 7.814 Thread 0x000000000284a800 DEOPT UNPACKING pc=0x0000000002c5557b sp=0x000000000298dfe8 mode 2
Event: 7.814 Thread 0x000000000284a800 Uncommon trap: trap_request=0xffffff65 fr.pc=0x0000000002ec3fac
Event: 7.814 Thread 0x000000000284a800 DEOPT PACKING pc=0x0000000002ec3fac sp=0x000000000298e120
Event: 7.814 Thread 0x000000000284a800 DEOPT UNPACKING pc=0x0000000002c5557b sp=0x000000000298e068 mode 2
Event: 7.814 Thread 0x000000000284a800 Uncommon trap: trap_request=0xffffff65 fr.pc=0x0000000002f93b54
Event: 7.814 Thread 0x000000000284a800 DEOPT PACKING pc=0x0000000002f93b54 sp=0x000000000298e150
Event: 7.814 Thread 0x000000000284a800 DEOPT UNPACKING pc=0x0000000002c5557b sp=0x000000000298e0c0 mode 2
Event: 7.815 loading class org/apache/maven/plugin/MojoExecution
Event: 7.815 loading class org/apache/maven/plugin/MojoExecution done
Event: 7.818 loading class java/lang/Character$CharacterCache
Event: 7.818 loading class java/lang/Character$CharacterCache done
Event: 7.845 loading class org/apache/maven/project/artifact/DefaultProjectArtifactsCache$CacheKey
Event: 7.845 loading class org/apache/maven/project/artifact/DefaultProjectArtifactsCache$CacheKey done
Event: 7.846 loading class org/eclipse/aether/util/filter/ScopeDependencyFilter
Event: 7.846 loading class org/eclipse/aether/util/filter/ScopeDependencyFilter done
Event: 7.847 loading class org/eclipse/aether/util/filter/AndDependencyFilter
Event: 7.847 loading class org/eclipse/aether/util/filter/AndDependencyFilter done
Event: 7.848 loading class org/apache/maven/lifecycle/internal/LifecycleDependencyResolver$ReactorDependencyFilter
Event: 7.848 loading class org/apache/maven/lifecycle/internal/LifecycleDependencyResolver$ReactorDependencyFilter done
Event: 7.848 loading class org/apache/maven/project/DefaultDependencyResolutionRequest
Event: 7.848 loading class org/apache/maven/project/DefaultDependencyResolutionRequest done
Event: 7.856 loading class org/eclipse/aether/util/artifact/ArtifactIdUtils
Event: 7.856 loading class org/eclipse/aether/util/artifact/ArtifactIdUtils done
Event: 7.863 loading class org/eclipse/aether/internal/impl/collect/CachingArtifactTypeRegistry
Event: 7.863 loading class org/eclipse/aether/internal/impl/collect/CachingArtifactTypeRegistry done
Event: 7.865 loading class org/eclipse/aether/internal/impl/collect/ObjectPool
Event: 7.865 loading class org/eclipse/aether/internal/impl/collect/ObjectPool done
Event: 7.865 loading class org/eclipse/aether/internal/impl/collect/NodeStack
Event: 7.865 loading class org/eclipse/aether/internal/impl/collect/NodeStack done
Event: 7.866 loading class org/eclipse/aether/internal/impl/collect/DefaultDependencyCollectionContext
Event: 7.866 loading class org/eclipse/aether/internal/impl/collect/DefaultDependencyCollectionContext done
Event: 7.867 loading class org/eclipse/aether/graph/DependencyCycle
Event: 7.867 loading class org/eclipse/aether/graph/DependencyCycle done
Event: 7.868 loading class org/eclipse/aether/util/graph/manager/ClassicDependencyManager$Key
Event: 7.868 loading class org/eclipse/aether/util/graph/manager/ClassicDependencyManager$Key done
Event: 7.870 loading class org/eclipse/aether/graph/Dependency$Exclusions$1
Event: 7.870 loading class org/eclipse/aether/graph/Dependency$Exclusions$1 done
Event: 7.873 loading class org/eclipse/aether/internal/impl/collect/DataPool$ConstraintKey
Event: 7.873 loading class org/eclipse/aether/internal/impl/collect/DataPool$ConstraintKey done
Event: 7.874 loading class org/eclipse/aether/internal/impl/collect/DataPool$Constraint
Event: 7.874 loading class org/eclipse/aether/internal/impl/collect/DataPool$Constraint done
Event: 7.874 loading class org/eclipse/aether/internal/impl/collect/DataPool$Constraint$VersionRepo
Event: 7.874 loading class org/eclipse/aether/internal/impl/collect/DataPool$Constraint$VersionRepo done
Event: 7.900 loading class org/eclipse/aether/internal/impl/collect/DataPool$GoodDescriptor
Event: 7.900 loading class org/eclipse/aether/internal/impl/collect/DataPool$GoodDescriptor done
Event: 7.900 loading class org/eclipse/aether/internal/impl/collect/DataPool$Descriptor
Event: 7.900 loading class org/eclipse/aether/internal/impl/collect/DataPool$Descriptor done
Event: 7.901 loading class org/eclipse/aether/internal/impl/collect/DataPool$GraphKey
Event: 7.901 loading class org/eclipse/aether/internal/impl/collect/DataPool$GraphKey done
Event: 7.905 loading class org/eclipse/aether/collection/DependencyManagement
Event: 7.905 loading class org/eclipse/aether/collection/DependencyManagement done
Event: 8.125 Executing VM operation: ForceSafepoint
Event: 8.126 Executing VM operation: ForceSafepoint done
Event: 8.221 Thread 0x000000000284a800 Uncommon trap: trap_request=0xffffff65 fr.pc=0x000000000341d874
Event: 8.221 Thread 0x000000000284a800 DEOPT PACKING pc=0x000000000341d874 sp=0x000000000298bf80
Event: 8.221 Thread 0x000000000284a800 DEOPT UNPACKING pc=0x0000000002c5557b sp=0x000000000298bee8 mode 2
Event: 8.281 loading class org/apache/maven/model/merge/ModelMerger$NotifierKeyComputer
Event: 8.281 loading class org/apache/maven/model/merge/ModelMerger$NotifierKeyComputer done
Event: 8.303 Thread 0x000000000284a800 Uncommon trap: trap_request=0xffffff65 fr.pc=0x00000000034bf0d8
Event: 8.303 Thread 0x000000000284a800 DEOPT PACKING pc=0x00000000034bf0d8 sp=0x000000000298bcb0
Event: 8.303 Thread 0x000000000284a800 DEOPT UNPACKING pc=0x0000000002c5557b sp=0x000000000298bc18 mode 2
Event: 8.338 loading class org/apache/maven/model/ActivationFile
Event: 8.338 loading class org/apache/maven/model/ActivationFile done
Event: 8.343 Thread 0x000000000284a800 Uncommon trap: trap_request=0xffffff65 fr.pc=0x0000000003472c74
Event: 8.343 Thread 0x000000000284a800 DEOPT PACKING pc=0x0000000003472c74 sp=0x000000000298c490
Event: 8.343 Thread 0x000000000284a800 DEOPT UNPACKING pc=0x0000000002c5557b sp=0x000000000298c430 mode 2
Event: 8.343 Thread 0x000000000284a800 Uncommon trap: trap_request=0xffffffde fr.pc=0x000000000349fba0
Event: 8.343 Thread 0x000000000284a800 DEOPT PACKING pc=0x000000000349fba0 sp=0x000000000298c600
Event: 8.343 Thread 0x000000000284a800 DEOPT UNPACKING pc=0x0000000002c5557b sp=0x000000000298c5e0 mode 2
Event: 8.343 Thread 0x000000000284a800 Uncommon trap: trap_request=0xffffffde fr.pc=0x000000000349fba0
Event: 8.343 Thread 0x000000000284a800 DEOPT PACKING pc=0x000000000349fba0 sp=0x000000000298c600
Event: 8.343 Thread 0x000000000284a800 DEOPT UNPACKING pc=0x0000000002c5557b sp=0x000000000298c5e0 mode 2
Event: 8.343 Thread 0x000000000284a800 Uncommon trap: trap_request=0xffffffde fr.pc=0x000000000349fba0
Event: 8.343 Thread 0x000000000284a800 DEOPT PACKING pc=0x000000000349fba0 sp=0x000000000298c600
Event: 8.343 Thread 0x000000000284a800 DEOPT UNPACKING pc=0x0000000002c5557b sp=0x000000000298c5e0 mode 2
Event: 8.485 loading class sun/nio/cs/ISO_8859_1$Decoder
Event: 8.486 loading class sun/nio/cs/ISO_8859_1$Decoder done
Event: 8.510 loading class org/eclipse/aether/util/graph/selector/ExclusionDependencySelector$ExclusionComparator
Event: 8.510 loading class org/eclipse/aether/util/graph/selector/ExclusionDependencySelector$ExclusionComparator done
Event: 8.537 Thread 0x000000000284a800 Uncommon trap: trap_request=0xffffff65 fr.pc=0x0000000003478424
Event: 8.537 Thread 0x000000000284a800 DEOPT PACKING pc=0x0000000003478424 sp=0x000000000298cac0
Event: 8.537 Thread 0x000000000284a800 DEOPT UNPACKING pc=0x0000000002c5557b sp=0x000000000298ca70 mode 2
Event: 8.538 Thread 0x000000000284a800 Uncommon trap: trap_request=0xffffff65 fr.pc=0x00000000034660d0
Event: 8.538 Thread 0x000000000284a800 DEOPT PACKING pc=0x00000000034660d0 sp=0x000000000298c9f0
Event: 8.538 Thread 0x000000000284a800 DEOPT UNPACKING pc=0x0000000002c5557b sp=0x000000000298ca08 mode 2
Event: 8.538 Thread 0x000000000284a800 Uncommon trap: trap_request=0xffffff65 fr.pc=0x00000000034a0ac0
Event: 8.538 Thread 0x000000000284a800 DEOPT PACKING pc=0x00000000034a0ac0 sp=0x000000000298cd20
Event: 8.538 Thread 0x000000000284a800 DEOPT UNPACKING pc=0x0000000002c5557b sp=0x000000000298cc48 mode 2
Event: 8.538 loading class java/util/AbstractMap$SimpleImmutableEntry
Event: 8.538 loading class java/util/AbstractMap$SimpleImmutableEntry done
Event: 8.989 Thread 0x000000000284a800 Uncommon trap: trap_request=0xffffff65 fr.pc=0x00000000031eb95c
Event: 8.989 Thread 0x000000000284a800 DEOPT PACKING pc=0x00000000031eb95c sp=0x000000000298c890
Event: 8.989 Thread 0x000000000284a800 DEOPT UNPACKING pc=0x0000000002c5557b sp=0x000000000298c818 mode 2
Event: 8.992 Thread 0x000000000284a800 Uncommon trap: trap_request=0xffffff65 fr.pc=0x000000000352065c
Event: 8.992 Thread 0x000000000284a800 DEOPT PACKING pc=0x000000000352065c sp=0x000000000298c710
Event: 8.992 Thread 0x000000000284a800 DEOPT UNPACKING pc=0x0000000002c5557b sp=0x000000000298c6a0 mode 2
Event: 8.995 Thread 0x000000000284a800 Uncommon trap: trap_request=0xffffff65 fr.pc=0x00000000035597bc
Event: 8.995 Thread 0x000000000284a800 DEOPT PACKING pc=0x00000000035597bc sp=0x000000000298c9f0
Event: 8.995 Thread 0x000000000284a800 DEOPT UNPACKING pc=0x0000000002c5557b sp=0x000000000298c9f8 mode 2
Event: 9.212 Thread 0x000000000284a800 Uncommon trap: trap_request=0xffffff65 fr.pc=0x00000000033d227c
Event: 9.212 Thread 0x000000000284a800 DEOPT PACKING pc=0x00000000033d227c sp=0x000000000298c220
Event: 9.212 Thread 0x000000000284a800 DEOPT UNPACKING pc=0x0000000002c5557b sp=0x000000000298c1b8 mode 2
Event: 9.459 Thread 0x000000000284a800 DEOPT PACKING pc=0x00000000032b0da7 sp=0x000000000298b850
Event: 9.459 Thread 0x000000000284a800 DEOPT UNPACKING pc=0x0000000002c575d0 sp=0x000000000298b570 mode 0
Event: 10.334 Executing VM operation: ParallelGCFailedAllocation
Event: 10.371 Executing VM operation: ParallelGCFailedAllocation done
Event: 10.371 Executing VM operation: RevokeBias
Event: 10.371 Executing VM operation: RevokeBias done
Event: 10.371 Executing VM operation: RevokeBias
Event: 10.371 Executing VM operation: RevokeBias done
Event: 10.371 Executing VM operation: RevokeBias
Event: 10.371 Executing VM operation: RevokeBias done
Event: 10.371 Executing VM operation: RevokeBias
Event: 10.371 Executing VM operation: RevokeBias done
Event: 10.371 Executing VM operation: RevokeBias
Event: 10.371 Executing VM operation: RevokeBias done
Event: 10.371 Executing VM operation: RevokeBias
Event: 10.372 Executing VM operation: RevokeBias done
Event: 10.372 Executing VM operation: RevokeBias
Event: 10.372 Executing VM operation: RevokeBias done
Event: 10.372 Executing VM operation: RevokeBias
Event: 10.372 Executing VM operation: RevokeBias done
Event: 10.372 Executing VM operation: RevokeBias
Event: 10.372 Executing VM operation: RevokeBias done
Event: 10.372 Executing VM operation: RevokeBias
Event: 10.372 Executing VM operation: RevokeBias done
Event: 10.372 Executing VM operation: RevokeBias
Event: 10.372 Executing VM operation: RevokeBias done
Event: 10.372 Executing VM operation: RevokeBias
Event: 10.372 Executing VM operation: RevokeBias done
Event: 10.372 Executing VM operation: RevokeBias
Event: 10.372 Executing VM operation: RevokeBias done
Event: 10.372 Executing VM operation: RevokeBias
Event: 10.372 Executing VM operation: RevokeBias done
Event: 10.372 Executing VM operation: RevokeBias
Event: 10.372 Executing VM operation: RevokeBias done
Event: 10.372 Executing VM operation: RevokeBias
Event: 10.373 Executing VM operation: RevokeBias done
Event: 10.373 Executing VM operation: RevokeBias
Event: 10.373 Executing VM operation: RevokeBias done
Event: 10.373 Executing VM operation: RevokeBias
Event: 10.373 Executing VM operation: RevokeBias done
Event: 10.373 Executing VM operation: RevokeBias
Event: 10.373 Executing VM operation: RevokeBias done
Event: 10.373 Executing VM operation: RevokeBias
Event: 10.373 Executing VM operation: RevokeBias done
Event: 10.373 Executing VM operation: BulkRevokeBias
Event: 10.373 Executing VM operation: BulkRevokeBias done
Event: 10.373 Executing VM operation: RevokeBias
Event: 10.373 Executing VM operation: RevokeBias done
Event: 10.373 Executing VM operation: RevokeBias
Event: 10.373 Executing VM operation: RevokeBias done
Event: 10.898 Thread 0x000000000284a800 DEOPT PACKING pc=0x0000000003234f5a sp=0x000000000298bac0
Event: 10.898 Thread 0x000000000284a800 DEOPT UNPACKING pc=0x0000000002c575d0 sp=0x000000000298b828 mode 0
Event: 11.078 Thread 0x000000000284a800 DEOPT PACKING pc=0x00000000036bae8c sp=0x000000000298b8f0
Event: 11.078 Thread 0x000000000284a800 DEOPT UNPACKING pc=0x0000000002c575d0 sp=0x000000000298b708 mode 0
Event: 11.079 Thread 0x000000000284a800 DEOPT PACKING pc=0x00000000036bae8c sp=0x000000000298b680
Event: 11.079 Thread 0x000000000284a800 DEOPT UNPACKING pc=0x0000000002c575d0 sp=0x000000000298b498 mode 0
Event: 11.079 Thread 0x000000000284a800 DEOPT PACKING pc=0x00000000036bae8c sp=0x000000000298b6d0
Event: 11.079 Thread 0x000000000284a800 DEOPT UNPACKING pc=0x0000000002c575d0 sp=0x000000000298b4e8 mode 0
Event: 11.079 Thread 0x000000000284a800 DEOPT PACKING pc=0x00000000036bae8c sp=0x000000000298b990
Event: 11.079 Thread 0x000000000284a800 DEOPT UNPACKING pc=0x0000000002c575d0 sp=0x000000000298b7a8 mode 0
Event: 11.131 Thread 0x000000000284a800 Uncommon trap: trap_request=0xffffffde fr.pc=0x000000000349fba0
Event: 11.131 Thread 0x000000000284a800 DEOPT PACKING pc=0x000000000349fba0 sp=0x000000000298c200
Event: 11.131 Thread 0x000000000284a800 DEOPT UNPACKING pc=0x0000000002c5557b sp=0x000000000298c1e0 mode 2
Event: 11.136 Thread 0x000000000284a800 Uncommon trap: trap_request=0xffffff65 fr.pc=0x0000000003584f74
Event: 11.136 Thread 0x000000000284a800 DEOPT PACKING pc=0x0000000003584f74 sp=0x000000000298c700
Event: 11.136 Thread 0x000000000284a800 DEOPT UNPACKING pc=0x0000000002c5557b sp=0x000000000298c750 mode 2
Event: 11.136 Thread 0x000000000284a800 Uncommon trap: trap_request=0xffffff65 fr.pc=0x00000000034a34f8
Event: 11.136 Thread 0x000000000284a800 DEOPT PACKING pc=0x00000000034a34f8 sp=0x000000000298c690
Event: 11.136 Thread 0x000000000284a800 DEOPT UNPACKING pc=0x0000000002c5557b sp=0x000000000298c620 mode 2
Event: 11.276 loading class org/apache/maven/repository/internal/RelocatedArtifact
Event: 11.276 loading class org/apache/maven/repository/internal/RelocatedArtifact done
Event: 11.276 Executing VM operation: Deoptimize
Event: 11.277 Executing VM operation: Deoptimize done
Event: 11.286 Thread 0x000000000284a800 DEOPT PACKING pc=0x000000000353bd5c sp=0x000000000298d310
Event: 11.286 Thread 0x000000000284a800 DEOPT UNPACKING pc=0x0000000002c575d0 sp=0x000000000298d098 mode 0
Event: 11.286 Thread 0x000000000284a800 Uncommon trap: trap_request=0xffffffde fr.pc=0x00000000034a13dc
Event: 11.286 Thread 0x000000000284a800 DEOPT PACKING pc=0x00000000034a13dc sp=0x000000000298d2f0
Event: 11.286 Thread 0x000000000284a800 DEOPT UNPACKING pc=0x0000000002c5557b sp=0x000000000298d2b0 mode 2
Event: 11.286 Thread 0x000000000284a800 DEOPT PACKING pc=0x000000000353dab4 sp=0x000000000298d790
Event: 11.286 Thread 0x000000000284a800 DEOPT UNPACKING pc=0x0000000002c575d0 sp=0x000000000298d598 mode 0
Event: 11.305 Thread 0x000000000284a800 Uncommon trap: trap_request=0xffffff65 fr.pc=0x000000000362e654
Event: 11.305 Thread 0x000000000284a800 DEOPT PACKING pc=0x000000000362e654 sp=0x000000000298cff0
Event: 11.305 Thread 0x000000000284a800 DEOPT UNPACKING pc=0x0000000002c5557b sp=0x000000000298cfc0 mode 2
Event: 11.590 Thread 0x000000000284a800 Uncommon trap: trap_request=0xffffff65 fr.pc=0x00000000035d7c0c
Event: 11.590 Thread 0x000000000284a800 DEOPT PACKING pc=0x00000000035d7c0c sp=0x000000000298c090
Event: 11.590 Thread 0x000000000284a800 DEOPT UNPACKING pc=0x0000000002c5557b sp=0x000000000298c068 mode 2


Dynamic libraries:
0x00007ff6d4d80000 - 0x00007ff6d4dc9000 	C:\Program Files\Java\java-1.8.0\bin\java.exe
0x00007ff8e5a60000 - 0x00007ff8e5c50000 	C:\WINDOWS\SYSTEM32\ntdll.dll
0x00007ff8e5960000 - 0x00007ff8e5a12000 	C:\WINDOWS\System32\KERNEL32.DLL
0x00007ff8e3860000 - 0x00007ff8e3b05000 	C:\WINDOWS\System32\KERNELBASE.dll
0x00007ff8e48d0000 - 0x00007ff8e4973000 	C:\WINDOWS\System32\ADVAPI32.dll
0x00007ff8e4b30000 - 0x00007ff8e4bce000 	C:\WINDOWS\System32\msvcrt.dll
0x00007ff8e5590000 - 0x00007ff8e5627000 	C:\WINDOWS\System32\sechost.dll
0x00007ff8e4c30000 - 0x00007ff8e4d50000 	C:\WINDOWS\System32\RPCRT4.dll
0x00007ff8e4550000 - 0x00007ff8e46e4000 	C:\WINDOWS\System32\USER32.dll
0x00007ff8e2d40000 - 0x00007ff8e2d61000 	C:\WINDOWS\System32\win32u.dll
0x00007ff8e46f0000 - 0x00007ff8e4716000 	C:\WINDOWS\System32\GDI32.dll
0x00007ff8e2a90000 - 0x00007ff8e2c26000 	C:\WINDOWS\System32\gdi32full.dll
0x00007ff8e29f0000 - 0x00007ff8e2a8e000 	C:\WINDOWS\System32\msvcp_win.dll
0x00007ff8e2e40000 - 0x00007ff8e2f3a000 	C:\WINDOWS\System32\ucrtbase.dll
0x00007ff8cddb0000 - 0x00007ff8ce034000 	C:\WINDOWS\WinSxS\amd64_microsoft.windows.common-controls_6595b64144ccf1df_6.0.18362.1139_none_9e7bf2d3e4605ac6\COMCTL32.dll
0x00007ff8e4d60000 - 0x00007ff8e5095000 	C:\WINDOWS\System32\combase.dll
0x00007ff8e2d90000 - 0x00007ff8e2e10000 	C:\WINDOWS\System32\bcryptPrimitives.dll
0x00007ff8e5700000 - 0x00007ff8e572e000 	C:\WINDOWS\System32\IMM32.DLL
0x000000006aa90000 - 0x000000006ab62000 	C:\Program Files\Java\java-1.8.0\jre\bin\msvcr100.dll
0x0000000069620000 - 0x0000000069f45000 	C:\Program Files\Java\java-1.8.0\jre\bin\server\jvm.dll
0x00007ff8e44c0000 - 0x00007ff8e44c8000 	C:\WINDOWS\System32\PSAPI.DLL
0x00007ff8caf70000 - 0x00007ff8caf79000 	C:\WINDOWS\SYSTEM32\WSOCK32.dll
0x00007ff8e4860000 - 0x00007ff8e48cf000 	C:\WINDOWS\System32\WS2_32.dll
0x00007ff8e01a0000 - 0x00007ff8e01c4000 	C:\WINDOWS\SYSTEM32\WINMM.dll
0x00007ff8db640000 - 0x00007ff8db64a000 	C:\WINDOWS\SYSTEM32\VERSION.dll
0x00007ff8dfcd0000 - 0x00007ff8dfcfd000 	C:\WINDOWS\SYSTEM32\winmmbase.dll
0x00007ff8e3810000 - 0x00007ff8e385a000 	C:\WINDOWS\System32\cfgmgr32.dll
0x00007ff8dc140000 - 0x00007ff8dc14f000 	C:\Program Files\Java\java-1.8.0\jre\bin\verify.dll
0x00007ff8dc110000 - 0x00007ff8dc139000 	C:\Program Files\Java\java-1.8.0\jre\bin\java.dll
0x00007ff8cdd10000 - 0x00007ff8cdd33000 	C:\Program Files\Java\java-1.8.0\jre\bin\instrument.dll
0x00007ff8dc0f0000 - 0x00007ff8dc106000 	C:\Program Files\Java\java-1.8.0\jre\bin\zip.dll
0x00007ff8e3dc0000 - 0x00007ff8e44a7000 	C:\WINDOWS\System32\SHELL32.dll
0x00007ff8e3d10000 - 0x00007ff8e3db9000 	C:\WINDOWS\System32\shcore.dll
0x00007ff8e3090000 - 0x00007ff8e3810000 	C:\WINDOWS\System32\windows.storage.dll
0x00007ff8e2970000 - 0x00007ff8e2993000 	C:\WINDOWS\System32\profapi.dll
0x00007ff8e29a0000 - 0x00007ff8e29ea000 	C:\WINDOWS\System32\powrprof.dll
0x00007ff8e2920000 - 0x00007ff8e2930000 	C:\WINDOWS\System32\UMPDC.dll
0x00007ff8e3b10000 - 0x00007ff8e3b62000 	C:\WINDOWS\System32\shlwapi.dll
0x00007ff8e2930000 - 0x00007ff8e2941000 	C:\WINDOWS\System32\kernel.appcore.dll
0x00007ff8e2d70000 - 0x00007ff8e2d87000 	C:\WINDOWS\System32\cryptsp.dll
0x00007ff8cda90000 - 0x00007ff8cdaaa000 	C:\Program Files\JetBrains\IntelliJ IDEA Community Edition 2020.2.2\bin\breakgen64.dll
0x00007ff8dc0d0000 - 0x00007ff8dc0ea000 	C:\Program Files\Java\java-1.8.0\jre\bin\net.dll
0x00007ff8e2170000 - 0x00007ff8e21d7000 	C:\WINDOWS\system32\mswsock.dll
0x00007ff8e1ce0000 - 0x00007ff8e1d13000 	C:\WINDOWS\system32\rsaenh.dll
0x00007ff8e2e10000 - 0x00007ff8e2e36000 	C:\WINDOWS\System32\bcrypt.dll
0x00007ff8e2800000 - 0x00007ff8e2825000 	C:\WINDOWS\SYSTEM32\USERENV.dll
0x00007ff8e2340000 - 0x00007ff8e234c000 	C:\WINDOWS\SYSTEM32\CRYPTBASE.dll
0x00007ff8e1e80000 - 0x00007ff8e1eba000 	C:\WINDOWS\SYSTEM32\IPHLPAPI.DLL
0x00007ff8e44b0000 - 0x00007ff8e44b8000 	C:\WINDOWS\System32\NSI.dll
0x00007ff8d7ac0000 - 0x00007ff8d7ad6000 	C:\WINDOWS\SYSTEM32\dhcpcsvc6.DLL
0x00007ff8d9a40000 - 0x00007ff8d9a5c000 	C:\WINDOWS\SYSTEM32\dhcpcsvc.DLL
0x00007ff8e1ec0000 - 0x00007ff8e1f8b000 	C:\WINDOWS\SYSTEM32\DNSAPI.dll
0x00007ff8b2cc0000 - 0x00007ff8b2cd1000 	C:\Program Files\Java\java-1.8.0\jre\bin\nio.dll
0x00007ff8dc090000 - 0x00007ff8dc09a000 	C:\Users\tohol\AppData\Local\Temp\jansi-1.17.1-1350099088548677072.dll
0x00007ff8dbb80000 - 0x00007ff8dbb8a000 	C:\Users\tohol\AppData\Local\Temp\jansi-1.17.1-3901880054186222360.dll

VM Arguments:
jvm_args: -Dmaven.multiModuleProjectDirectory=C:\workspace\pizzamj\refund -Dmaven.home=C:\Program Files\JetBrains\IntelliJ IDEA Community Edition 2020.2.2\plugins\maven\lib\maven3 -Dclassworlds.conf=C:\Program Files\JetBrains\IntelliJ IDEA Community Edition 2020.2.2\plugins\maven\lib\maven3\bin\m2.conf -Dmaven.ext.class.path=C:\Program Files\JetBrains\IntelliJ IDEA Community Edition 2020.2.2\plugins\maven\lib\maven-event-listener.jar -javaagent:C:\Program Files\JetBrains\IntelliJ IDEA Community Edition 2020.2.2\lib\idea_rt.jar=50953:C:\Program Files\JetBrains\IntelliJ IDEA Community Edition 2020.2.2\bin -Dfile.encoding=UTF-8 
java_command: org.codehaus.classworlds.Launcher -Didea.version=2020.2.2 org.springframework.boot:spring-boot-maven-plugin:2.1.9.RELEASE:run
java_class_path (initial): C:\Program Files\JetBrains\IntelliJ IDEA Community Edition 2020.2.2\plugins\maven\lib\maven3\boot\plexus-classworlds-2.6.0.jar;C:\Program Files\JetBrains\IntelliJ IDEA Community Edition 2020.2.2\plugins\maven\lib\maven3\boot\plexus-classworlds.license;C:\Program Files\JetBrains\IntelliJ IDEA Community Edition 2020.2.2\lib\idea_rt.jar
Launcher Type: SUN_STANDARD

Environment Variables:
PATH=C:\Program Files\Common Files\Oracle\Java\javapath;C:\WINDOWS.X64_193000_db_home\bin;C:\Users\tohol\Downloads\WINDOWS.X64_193000_db_home\bin;C:\WINDOWS\system32;C:\WINDOWS;C:\WINDOWS\System32\Wbem;C:\WINDOWS\System32\WindowsPowerShell\v1.0\;C:\WINDOWS\System32\OpenSSH\;C:\Program Files\Git\cmd;C:\Python\Python36-32\Scripts;C:\Program Files\Java\java-1.8.0\bin;C:\Python\Python36-32\Scripts\;C:\Python\Python36-32\;C:\Users\tohol\AppData\Local\Microsoft\WindowsApps;
USERNAME=tohol
OS=Windows_NT
PROCESSOR_IDENTIFIER=Intel64 Family 6 Model 142 Stepping 12, GenuineIntel



---------------  S Y S T E M  ---------------

OS: Windows 10.0 , 64 bit Build 18362 (10.0.18362.1110)

CPU:total 8 (initial active 8) (4 cores per cpu, 2 threads per core) family 6 model 142 stepping 12, cmov, cx8, fxsr, mmx, sse, sse2, sse3, ssse3, sse4.1, sse4.2, popcnt, avx, avx2, aes, clmul, erms, 3dnowpref, lzcnt, ht, tsc, tscinvbit, bmi1, bmi2, adx

Memory: 4k page, physical 16665828k(1122608k free), swap 29286152k(11332k free)

vm_info: OpenJDK 64-Bit Server VM (25.265-b01) for windows-amd64 JRE (1.8.0_265-b01), built on Aug 30 2020 04:02:37 by "Administrator" with MS VC++ 10.0 (VS2010)

time: Thu Nov 05 15:17:29 2020
timezone:  
elapsed time: 12 seconds (0d 0h 0m 12s)

